[2025-04-03T08:15:30.279+0000] {manager.py:487} INFO - Processing files using up to 1 processes at a time 
[2025-04-03T08:15:30.281+0000] {manager.py:488} INFO - Process each file at most once every 30 seconds
[2025-04-03T08:15:30.282+0000] {manager.py:489} INFO - Checking for new files in /opt/airflow/dags every 300 seconds
[2025-04-03T08:15:30.284+0000] {manager.py:755} INFO - Searching for files in /opt/airflow/dags
[2025-04-03T08:15:30.294+0000] {manager.py:758} INFO - There are 1 files in /opt/airflow/dags
[2025-04-03T08:15:32.145+0000] {manager.py:887} INFO - 
================================================================================
DAG File Processing Stats

File Path                                  PID    Runtime      # DAGs    # Errors  Last Runtime    Last Run
-----------------------------------------  -----  ---------  --------  ----------  --------------  -------------------
/opt/airflow/dags/fetch_songs_workflow.py                           1           0  1.82s           2025-04-03T08:15:32
================================================================================
[2025-04-03T08:16:02.602+0000] {manager.py:887} INFO - 
================================================================================
DAG File Processing Stats

File Path                                  PID    Runtime      # DAGs    # Errors  Last Runtime    Last Run
-----------------------------------------  -----  ---------  --------  ----------  --------------  -------------------
/opt/airflow/dags/fetch_songs_workflow.py                           1           0  0.10s           2025-04-03T08:16:02
================================================================================
[2025-04-03T08:24:44.998+0000] {manager.py:469} INFO - Exiting gracefully upon receiving signal 15
[2025-04-03T08:24:46.215+0000] {manager.py:487} INFO - Processing files using up to 1 processes at a time 
[2025-04-03T08:24:46.216+0000] {manager.py:488} INFO - Process each file at most once every 30 seconds
[2025-04-03T08:24:46.217+0000] {manager.py:489} INFO - Checking for new files in /opt/airflow/dags every 300 seconds
[2025-04-03T08:24:46.218+0000] {manager.py:755} INFO - Searching for files in /opt/airflow/dags
[2025-04-03T08:24:46.235+0000] {manager.py:758} INFO - There are 1 files in /opt/airflow/dags
[2025-04-03T08:24:46.504+0000] {manager.py:887} INFO - 
================================================================================
DAG File Processing Stats

File Path                                  PID    Runtime      # DAGs    # Errors  Last Runtime    Last Run
-----------------------------------------  -----  ---------  --------  ----------  --------------  -------------------
/opt/airflow/dags/fetch_songs_workflow.py                           1           0  0.20s           2025-04-03T08:24:46
================================================================================
[2025-04-03T08:25:17.346+0000] {manager.py:887} INFO - 
================================================================================
DAG File Processing Stats

File Path                                  PID    Runtime      # DAGs    # Errors  Last Runtime    Last Run
-----------------------------------------  -----  ---------  --------  ----------  --------------  -------------------
/opt/airflow/dags/fetch_songs_workflow.py                           1           0  0.10s           2025-04-03T08:25:17
================================================================================
[2025-04-03T08:25:47.563+0000] {manager.py:887} INFO - 
================================================================================
DAG File Processing Stats

File Path                                  PID    Runtime      # DAGs    # Errors  Last Runtime    Last Run
-----------------------------------------  -----  ---------  --------  ----------  --------------  -------------------
/opt/airflow/dags/fetch_songs_workflow.py                           1           0  0.10s           2025-04-03T08:25:47
================================================================================
[2025-04-03T08:26:17.790+0000] {manager.py:887} INFO - 
================================================================================
DAG File Processing Stats

File Path                                  PID    Runtime      # DAGs    # Errors  Last Runtime    Last Run
-----------------------------------------  -----  ---------  --------  ----------  --------------  -------------------
/opt/airflow/dags/fetch_songs_workflow.py                           1           0  0.10s           2025-04-03T08:26:17
================================================================================
[2025-04-03T08:26:48.032+0000] {manager.py:887} INFO - 
================================================================================
DAG File Processing Stats

File Path                                  PID    Runtime      # DAGs    # Errors  Last Runtime    Last Run
-----------------------------------------  -----  ---------  --------  ----------  --------------  -------------------
/opt/airflow/dags/fetch_songs_workflow.py                           1           0  0.10s           2025-04-03T08:26:48
================================================================================
[2025-04-03T08:27:18.258+0000] {manager.py:887} INFO - 
================================================================================
DAG File Processing Stats

File Path                                  PID    Runtime      # DAGs    # Errors  Last Runtime    Last Run
-----------------------------------------  -----  ---------  --------  ----------  --------------  -------------------
/opt/airflow/dags/fetch_songs_workflow.py                           1           0  0.10s           2025-04-03T08:27:18
================================================================================
[2025-04-03T08:27:48.474+0000] {manager.py:887} INFO - 
================================================================================
DAG File Processing Stats

File Path                                  PID    Runtime      # DAGs    # Errors  Last Runtime    Last Run
-----------------------------------------  -----  ---------  --------  ----------  --------------  -------------------
/opt/airflow/dags/fetch_songs_workflow.py                           1           0  0.10s           2025-04-03T08:27:48
================================================================================
[2025-04-03T08:28:18.680+0000] {manager.py:887} INFO - 
================================================================================
DAG File Processing Stats

File Path                                  PID    Runtime      # DAGs    # Errors  Last Runtime    Last Run
-----------------------------------------  -----  ---------  --------  ----------  --------------  -------------------
/opt/airflow/dags/fetch_songs_workflow.py                           1           0  0.10s           2025-04-03T08:28:18
================================================================================
[2025-04-03T08:28:48.916+0000] {manager.py:887} INFO - 
================================================================================
DAG File Processing Stats

File Path                                  PID    Runtime      # DAGs    # Errors  Last Runtime    Last Run
-----------------------------------------  -----  ---------  --------  ----------  --------------  -------------------
/opt/airflow/dags/fetch_songs_workflow.py                           1           0  0.10s           2025-04-03T08:28:48
================================================================================
[2025-04-03T08:29:19.131+0000] {manager.py:887} INFO - 
================================================================================
DAG File Processing Stats

File Path                                  PID    Runtime      # DAGs    # Errors  Last Runtime    Last Run
-----------------------------------------  -----  ---------  --------  ----------  --------------  -------------------
/opt/airflow/dags/fetch_songs_workflow.py                           1           0  0.10s           2025-04-03T08:29:19
================================================================================
[2025-04-03T08:29:46.426+0000] {manager.py:755} INFO - Searching for files in /opt/airflow/dags
[2025-04-03T08:29:46.433+0000] {manager.py:758} INFO - There are 1 files in /opt/airflow/dags
[2025-04-03T08:29:49.354+0000] {manager.py:887} INFO - 
================================================================================
DAG File Processing Stats

File Path                                  PID    Runtime      # DAGs    # Errors  Last Runtime    Last Run
-----------------------------------------  -----  ---------  --------  ----------  --------------  -------------------
/opt/airflow/dags/fetch_songs_workflow.py                           1           0  0.10s           2025-04-03T08:29:49
================================================================================
[2025-04-03T08:30:19.573+0000] {manager.py:887} INFO - 
================================================================================
DAG File Processing Stats

File Path                                  PID    Runtime      # DAGs    # Errors  Last Runtime    Last Run
-----------------------------------------  -----  ---------  --------  ----------  --------------  -------------------
/opt/airflow/dags/fetch_songs_workflow.py                           1           0  0.10s           2025-04-03T08:30:19
================================================================================
[2025-04-03T08:30:49.785+0000] {manager.py:887} INFO - 
================================================================================
DAG File Processing Stats

File Path                                  PID    Runtime      # DAGs    # Errors  Last Runtime    Last Run
-----------------------------------------  -----  ---------  --------  ----------  --------------  -------------------
/opt/airflow/dags/fetch_songs_workflow.py                           1           0  0.10s           2025-04-03T08:30:49
================================================================================
[2025-04-03T08:31:19.977+0000] {manager.py:887} INFO - 
================================================================================
DAG File Processing Stats

File Path                                  PID    Runtime      # DAGs    # Errors  Last Runtime    Last Run
-----------------------------------------  -----  ---------  --------  ----------  --------------  -------------------
/opt/airflow/dags/fetch_songs_workflow.py                           1           0  0.10s           2025-04-03T08:31:19
================================================================================
[2025-04-03T08:31:50.188+0000] {manager.py:887} INFO - 
================================================================================
DAG File Processing Stats

File Path                                  PID    Runtime      # DAGs    # Errors  Last Runtime    Last Run
-----------------------------------------  -----  ---------  --------  ----------  --------------  -------------------
/opt/airflow/dags/fetch_songs_workflow.py                           1           0  0.10s           2025-04-03T08:31:50
================================================================================
[2025-04-03T08:32:20.398+0000] {manager.py:887} INFO - 
================================================================================
DAG File Processing Stats

File Path                                  PID    Runtime      # DAGs    # Errors  Last Runtime    Last Run
-----------------------------------------  -----  ---------  --------  ----------  --------------  -------------------
/opt/airflow/dags/fetch_songs_workflow.py                           1           0  0.10s           2025-04-03T08:32:20
================================================================================
[2025-04-03T08:32:50.622+0000] {manager.py:887} INFO - 
================================================================================
DAG File Processing Stats

File Path                                  PID    Runtime      # DAGs    # Errors  Last Runtime    Last Run
-----------------------------------------  -----  ---------  --------  ----------  --------------  -------------------
/opt/airflow/dags/fetch_songs_workflow.py                           1           0  0.10s           2025-04-03T08:32:50
================================================================================
[2025-04-03T08:33:20.840+0000] {manager.py:887} INFO - 
================================================================================
DAG File Processing Stats

File Path                                  PID    Runtime      # DAGs    # Errors  Last Runtime    Last Run
-----------------------------------------  -----  ---------  --------  ----------  --------------  -------------------
/opt/airflow/dags/fetch_songs_workflow.py                           1           0  0.10s           2025-04-03T08:33:20
================================================================================
[2025-04-03T08:33:51.054+0000] {manager.py:887} INFO - 
================================================================================
DAG File Processing Stats

File Path                                  PID    Runtime      # DAGs    # Errors  Last Runtime    Last Run
-----------------------------------------  -----  ---------  --------  ----------  --------------  -------------------
/opt/airflow/dags/fetch_songs_workflow.py                           1           0  0.10s           2025-04-03T08:33:51
================================================================================
[2025-04-03T08:34:21.274+0000] {manager.py:887} INFO - 
================================================================================
DAG File Processing Stats

File Path                                  PID    Runtime      # DAGs    # Errors  Last Runtime    Last Run
-----------------------------------------  -----  ---------  --------  ----------  --------------  -------------------
/opt/airflow/dags/fetch_songs_workflow.py                           1           0  0.10s           2025-04-03T08:34:21
================================================================================
[2025-04-03T08:34:46.841+0000] {manager.py:755} INFO - Searching for files in /opt/airflow/dags
[2025-04-03T08:34:46.849+0000] {manager.py:758} INFO - There are 1 files in /opt/airflow/dags
[2025-04-03T08:34:51.488+0000] {manager.py:887} INFO - 
================================================================================
DAG File Processing Stats

File Path                                  PID    Runtime      # DAGs    # Errors  Last Runtime    Last Run
-----------------------------------------  -----  ---------  --------  ----------  --------------  -------------------
/opt/airflow/dags/fetch_songs_workflow.py                           1           0  0.10s           2025-04-03T08:34:51
================================================================================
[2025-04-03T08:35:21.709+0000] {manager.py:887} INFO - 
================================================================================
DAG File Processing Stats

File Path                                  PID    Runtime      # DAGs    # Errors  Last Runtime    Last Run
-----------------------------------------  -----  ---------  --------  ----------  --------------  -------------------
/opt/airflow/dags/fetch_songs_workflow.py                           1           0  0.10s           2025-04-03T08:35:21
================================================================================
[2025-04-03T08:35:51.943+0000] {manager.py:887} INFO - 
================================================================================
DAG File Processing Stats

File Path                                  PID    Runtime      # DAGs    # Errors  Last Runtime    Last Run
-----------------------------------------  -----  ---------  --------  ----------  --------------  -------------------
/opt/airflow/dags/fetch_songs_workflow.py                           1           0  0.10s           2025-04-03T08:35:51
================================================================================
[2025-04-03T08:36:22.162+0000] {manager.py:887} INFO - 
================================================================================
DAG File Processing Stats

File Path                                  PID    Runtime      # DAGs    # Errors  Last Runtime    Last Run
-----------------------------------------  -----  ---------  --------  ----------  --------------  -------------------
/opt/airflow/dags/fetch_songs_workflow.py                           1           0  0.10s           2025-04-03T08:36:22
================================================================================
[2025-04-03T08:36:52.498+0000] {manager.py:887} INFO - 
================================================================================
DAG File Processing Stats

File Path                                  PID    Runtime      # DAGs    # Errors  Last Runtime    Last Run
-----------------------------------------  -----  ---------  --------  ----------  --------------  -------------------
/opt/airflow/dags/fetch_songs_workflow.py                           1           0  0.10s           2025-04-03T08:36:52
================================================================================
[2025-04-03T08:37:22.719+0000] {manager.py:887} INFO - 
================================================================================
DAG File Processing Stats

File Path                                  PID    Runtime      # DAGs    # Errors  Last Runtime    Last Run
-----------------------------------------  -----  ---------  --------  ----------  --------------  -------------------
/opt/airflow/dags/fetch_songs_workflow.py                           1           0  0.10s           2025-04-03T08:37:22
================================================================================
[2025-04-03T08:37:52.953+0000] {manager.py:887} INFO - 
================================================================================
DAG File Processing Stats

File Path                                  PID    Runtime      # DAGs    # Errors  Last Runtime    Last Run
-----------------------------------------  -----  ---------  --------  ----------  --------------  -------------------
/opt/airflow/dags/fetch_songs_workflow.py                           1           0  0.10s           2025-04-03T08:37:52
================================================================================
[2025-04-03T08:38:23.182+0000] {manager.py:887} INFO - 
================================================================================
DAG File Processing Stats

File Path                                  PID    Runtime      # DAGs    # Errors  Last Runtime    Last Run
-----------------------------------------  -----  ---------  --------  ----------  --------------  -------------------
/opt/airflow/dags/fetch_songs_workflow.py                           1           0  0.10s           2025-04-03T08:38:23
================================================================================
[2025-04-03T08:38:53.387+0000] {manager.py:887} INFO - 
================================================================================
DAG File Processing Stats

File Path                                  PID    Runtime      # DAGs    # Errors  Last Runtime    Last Run
-----------------------------------------  -----  ---------  --------  ----------  --------------  -------------------
/opt/airflow/dags/fetch_songs_workflow.py                           1           0  0.10s           2025-04-03T08:38:53
================================================================================
[2025-04-03T08:39:23.623+0000] {manager.py:887} INFO - 
================================================================================
DAG File Processing Stats

File Path                                  PID    Runtime      # DAGs    # Errors  Last Runtime    Last Run
-----------------------------------------  -----  ---------  --------  ----------  --------------  -------------------
/opt/airflow/dags/fetch_songs_workflow.py                           1           0  0.10s           2025-04-03T08:39:23
================================================================================
