[2025-03-31 11:29:18,602] INFO: Processing 1/89741 track_id=5SuOikwiRyPMVoIQDJUgSV (Attempt 1/5)
[2025-03-31 11:29:23,871] INFO: Processing 2/89741 track_id=4qPNDBW1i3p13qLCt0Ki3A (Attempt 1/5)
[2025-03-31 11:29:29,043] INFO: Processing 3/89741 track_id=1iJBSr7s7jYXzM8EGcbK5b (Attempt 1/5)
[2025-03-31 11:29:34,607] INFO: Processing 4/89741 track_id=6lfxq3CG4xtTiEg7opyCyx (Attempt 1/5)
[2025-03-31 11:29:39,785] INFO: Processing 5/89741 track_id=5vjLSffimiIP26QG5WcN2K (Attempt 1/5)
[2025-03-31 11:29:45,098] INFO: Processing 6/89741 track_id=01MVOl9KtVTNfFiBU9I7dc (Attempt 1/5)
[2025-03-31 11:29:50,362] INFO: Processing 7/89741 track_id=6Vc5wAMmXdKIAM7WUoEb7N (Attempt 1/5)
[2025-03-31 11:29:55,605] INFO: Processing 8/89741 track_id=1EzrEOXmMH3G43AXT1y7pA (Attempt 1/5)
[2025-03-31 11:30:00,875] INFO: Processing 9/89741 track_id=0IktbUcnAGrvD03AWnz3Q8 (Attempt 1/5)
[2025-03-31 11:30:06,115] INFO: Processing 10/89741 track_id=7k9GuJYLp2AzqokyEdwEw2 (Attempt 1/5)
[2025-03-31 11:30:11,600] INFO: Processing 11/89741 track_id=4mzP5mHkRvGxdhdGdAH7EJ (Attempt 1/5)
[2025-03-31 11:30:16,759] INFO: Processing 12/89741 track_id=5ivF4eQBqJiVL5IAE9jRyl (Attempt 1/5)
[2025-03-31 11:30:22,007] INFO: Processing 13/89741 track_id=4ptDJbJl35d7gQfeNteBwp (Attempt 1/5)
[2025-03-31 11:30:27,267] INFO: Processing 14/89741 track_id=0X9MxHR1rTkEHDjp95F2OO (Attempt 1/5)
[2025-03-31 11:30:32,604] INFO: Processing 15/89741 track_id=4LbWtBkN82ZRhz9jqzgrb3 (Attempt 1/5)
[2025-03-31 11:30:37,774] INFO: Processing 16/89741 track_id=1KHdq8NK9QxnGjdXb55NiG (Attempt 1/5)
[2025-03-31 11:30:42,980] INFO: Processing 17/89741 track_id=6xKeQgzfjixSUld14qUezm (Attempt 1/5)
[2025-03-31 11:30:48,216] INFO: Processing 18/89741 track_id=4Yo0igmcoNyat1secaH0OD (Attempt 1/5)
[2025-03-31 11:30:53,292] INFO: Processing 19/89741 track_id=2qLMf6TuEC3ruGJg4SMMN6 (Attempt 1/5)
[2025-03-31 11:30:58,386] INFO: Processing 20/89741 track_id=6CgNoAbFJ4Q4Id4EjtbXlC (Attempt 1/5)
[2025-03-31 11:31:03,637] INFO: Processing 21/89741 track_id=3S0OXQeoh0w6AY8WQVckRW (Attempt 1/5)
[2025-03-31 11:31:08,728] INFO: Processing 22/89741 track_id=210JCw2LbYD4YIs8GiZ9iP (Attempt 1/5)
[2025-03-31 11:31:13,912] INFO: Processing 23/89741 track_id=5TvE3pk05pyFIGdSY9j4DJ (Attempt 1/5)
[2025-03-31 11:31:18,988] INFO: Processing 24/89741 track_id=0BUuuEvNa5T4lMaewyiudB (Attempt 1/5)
[2025-03-31 11:31:24,072] INFO: Processing 25/89741 track_id=3Hn3LfhrQOaKihdCibJsTs (Attempt 1/5)
[2025-03-31 11:31:29,159] INFO: Processing 26/89741 track_id=6D33wCKzWtNEgOovgeVJ7r (Attempt 1/5)
[2025-03-31 11:31:34,248] INFO: Processing 27/89741 track_id=5IfCZDRXZrqZSm8AwE44PG (Attempt 1/5)
[2025-03-31 11:31:39,340] INFO: Processing 28/89741 track_id=0dzKBptH2P5j5a0MifBMwM (Attempt 1/5)
[2025-03-31 11:31:44,424] INFO: Processing 29/89741 track_id=5QAMZTM5cmLg3fHX9ZbTZi (Attempt 1/5)
[2025-03-31 11:31:49,565] INFO: Processing 30/89741 track_id=2qESE1ZeWly7I3YjyTXmXh (Attempt 1/5)
[2025-03-31 11:31:54,655] INFO: Processing 31/89741 track_id=3EQV1ZHtHvq9OnVRYIdbg3 (Attempt 1/5)
[2025-03-31 11:31:59,929] INFO: Processing 32/89741 track_id=3ax0rfGb7exLtl02LL08U9 (Attempt 1/5)
[2025-03-31 11:32:05,025] INFO: Processing 33/89741 track_id=1m5LC29RE52Bxy7hxvpOlL (Attempt 1/5)
[2025-03-31 11:32:10,113] INFO: Processing 34/89741 track_id=3H36x7buZdQD4687VmFrwY (Attempt 1/5)
[2025-03-31 11:32:15,373] INFO: Processing 35/89741 track_id=0xbMRcMFqxJq1Wa7tvWPtn (Attempt 1/5)
[2025-03-31 11:32:20,484] INFO: Processing 36/89741 track_id=6h061f44HZPj1OXO2nA45d (Attempt 1/5)
[2025-03-31 11:32:25,600] INFO: Processing 37/89741 track_id=62EwQLDw0dprDzuLwQ0sH1 (Attempt 1/5)
[2025-03-31 11:32:30,873] INFO: Processing 38/89741 track_id=3lvo0I8c2qBJDLZWqExDgC (Attempt 1/5)
[2025-03-31 11:32:35,966] INFO: Processing 39/89741 track_id=1ae8XfBQ3fDEvmBjFaemGV (Attempt 1/5)
[2025-03-31 11:32:41,092] INFO: Processing 40/89741 track_id=0adVktNVJXPZfhQe6B1NO5 (Attempt 1/5)
[2025-03-31 11:32:46,238] INFO: Processing 41/89741 track_id=6sp6Vx3sv2l5qxPfbQkcyt (Attempt 1/5)
[2025-03-31 11:32:51,409] INFO: Processing 42/89741 track_id=1WFVfVjCtbmdIv7j3Fa9iy (Attempt 1/5)
[2025-03-31 11:32:56,499] INFO: Processing 43/89741 track_id=0e5PAxSyZ5DWWVqKANHETz (Attempt 1/5)
[2025-03-31 11:33:01,833] INFO: Processing 44/89741 track_id=1MLr9b1fOybO3MGiLy47Ys (Attempt 1/5)
[2025-03-31 11:33:06,938] INFO: Processing 45/89741 track_id=6JGjevTaqr9J1xp7YvYUKF (Attempt 1/5)
[2025-03-31 11:33:12,029] INFO: Processing 46/89741 track_id=7Af2YlwMZryKOQiRfwMsD2 (Attempt 1/5)
[2025-03-31 11:33:17,109] INFO: Processing 47/89741 track_id=3RE5nHIVkC4KcA7snFaTKd (Attempt 1/5)
[2025-03-31 11:33:22,220] INFO: Processing 48/89741 track_id=0JvkNRyq8Tmot9khpdtN0I (Attempt 1/5)
[2025-03-31 11:33:27,300] INFO: Processing 49/89741 track_id=27gHtbsHClwimHFtKgFop4 (Attempt 1/5)
[2025-03-31 11:33:32,415] INFO: Processing 50/89741 track_id=1QBNBGeIRRGBnLhdlHbfI8 (Attempt 1/5)
[2025-03-31 11:33:37,535] INFO: Processing 51/89741 track_id=72xTsTouZ5nBmASX8k1XCW (Attempt 1/5)
[2025-03-31 11:33:42,759] INFO: Processing 52/89741 track_id=3ILmwMefYZoQh5Cf5jeuUQ (Attempt 1/5)
[2025-03-31 11:33:47,946] INFO: Processing 53/89741 track_id=2DHDuADAHoUW6n0z80RLQF (Attempt 1/5)
[2025-03-31 11:33:53,411] INFO: Processing 54/89741 track_id=5JDcQAztvZTIkrWoZihgvC (Attempt 1/5)
[2025-03-31 11:33:58,569] INFO: Processing 55/89741 track_id=2sYFi9xVSZ56WHKSY2fN1K (Attempt 1/5)
[2025-03-31 11:34:03,735] INFO: Processing 56/89741 track_id=6xJOhSm4SvZwzy3uhWz26O (Attempt 1/5)
[2025-03-31 11:34:08,821] INFO: Processing 57/89741 track_id=7lLKxcNeJtDTWVRKHovLEC (Attempt 1/5)
[2025-03-31 11:34:14,158] INFO: Processing 58/89741 track_id=25UzeaV47eDT44Fovve6xQ (Attempt 1/5)
[2025-03-31 11:34:19,242] INFO: Processing 59/89741 track_id=4oa14QBfWRDfJy2agySy0L (Attempt 1/5)
[2025-03-31 11:34:24,567] INFO: Processing 60/89741 track_id=2gRKq9rIC5i1zuxp06zJWH (Attempt 1/5)
[2025-03-31 11:34:29,709] INFO: Processing 61/89741 track_id=08MFgEQeVLF37EyZ7jcwLc (Attempt 1/5)
[2025-03-31 11:34:34,800] INFO: Processing 62/89741 track_id=6nXIYClvJAfi6ujLiKqEq8 (Attempt 1/5)
[2025-03-31 11:34:40,043] INFO: Processing 63/89741 track_id=7x4b0UccXSKBWxWmjcrG2T (Attempt 1/5)
[2025-03-31 11:34:45,224] INFO: Processing 64/89741 track_id=6owKuyHxUqidcAA6fPKSyy (Attempt 1/5)
[2025-03-31 11:34:50,334] INFO: Processing 65/89741 track_id=0wbmIfvndFV9VDvuUY1pYN (Attempt 1/5)
[2025-03-31 11:34:55,522] INFO: Processing 66/89741 track_id=3e5yu9MkIvQx17mm7LF6KY (Attempt 1/5)
[2025-03-31 11:35:00,847] INFO: Processing 67/89741 track_id=6VwAh8Z1d5YKoSWoEaV4db (Attempt 1/5)
[2025-03-31 11:35:06,093] INFO: Processing 68/89741 track_id=2D4BSm5Z8Hq5zYbSgJwEOh (Attempt 1/5)
[2025-03-31 11:35:11,194] INFO: Processing 69/89741 track_id=7LwGBxB0h0CVmkOZxYKn0g (Attempt 1/5)
[2025-03-31 11:35:16,279] INFO: Processing 70/89741 track_id=0ZwdH0m32I8odedwvspYTh (Attempt 1/5)
[2025-03-31 11:35:21,599] INFO: Processing 71/89741 track_id=16dkWKIlBsfYTISCVuDs0w (Attempt 1/5)
[2025-03-31 11:35:26,843] INFO: Processing 72/89741 track_id=3TwtrR1yNLY1PMPsrGQpOp (Attempt 1/5)
[2025-03-31 11:35:32,001] INFO: Processing 73/89741 track_id=3Et4LKZLnXygPYfNdeB3D3 (Attempt 1/5)
[2025-03-31 11:35:37,093] INFO: Processing 74/89741 track_id=2E9viCx0hJKNKNThd2MdGQ (Attempt 1/5)
[2025-03-31 11:35:42,326] INFO: Processing 75/89741 track_id=0Zf1BPkkFAWGtVHeBwHHz4 (Attempt 1/5)
[2025-03-31 11:35:47,406] INFO: Processing 76/89741 track_id=38jy6kRlPt8z1GUS9WXeNh (Attempt 1/5)
[2025-03-31 11:35:52,664] INFO: Processing 77/89741 track_id=2SkJKMfjpYsNv0KWOxiegX (Attempt 1/5)
[2025-03-31 11:35:57,786] INFO: Processing 78/89741 track_id=4qCbMMMuEB56kHd4zPE6GD (Attempt 1/5)
[2025-03-31 11:36:03,287] INFO: Processing 79/89741 track_id=11TK5KLtLZUdKr1C549bAw (Attempt 1/5)
[2025-03-31 11:36:08,631] INFO: Processing 80/89741 track_id=7BXW1QCg56yzEBV8pW8pah (Attempt 1/5)
[2025-03-31 11:36:13,724] INFO: Processing 81/89741 track_id=2kMrCPZ0o5gErBPLCRgoli (Attempt 1/5)
[2025-03-31 11:36:18,911] INFO: Processing 82/89741 track_id=5IjTZ1g8KrIuV97N3OQZ0V (Attempt 1/5)
[2025-03-31 11:36:24,154] INFO: Processing 83/89741 track_id=3bHhUEOTIbezeZ856R0BX5 (Attempt 1/5)
[2025-03-31 11:36:29,245] INFO: Processing 84/89741 track_id=0wf17wsLRwnnfh241GkeH5 (Attempt 1/5)
[2025-03-31 11:36:34,355] INFO: Processing 85/89741 track_id=3322ArxAq7wCSZI4fF77Q0 (Attempt 1/5)
[2025-03-31 11:36:39,449] INFO: Processing 86/89741 track_id=4LGF2tDg3878bs0mQPByZ4 (Attempt 1/5)
[2025-03-31 11:36:44,566] INFO: Processing 87/89741 track_id=6Uy6K3KdmUdAfelUp0SeXn (Attempt 1/5)
[2025-03-31 11:36:49,691] INFO: Processing 88/89741 track_id=2z2JKNU24UEngb4joR9p8f (Attempt 1/5)
[2025-03-31 11:36:54,795] INFO: Processing 89/89741 track_id=2nef44o0sjJDKB1ta4S0ub (Attempt 1/5)
[2025-03-31 11:37:02,263] INFO: Processing 90/89741 track_id=0qJGlogD7AyMLAJfQ42aI2 (Attempt 1/5)
[2025-03-31 11:37:07,357] INFO: Processing 91/89741 track_id=04JS6OitE9VGsIS3S94Osg (Attempt 1/5)
[2025-03-31 11:37:12,535] INFO: Processing 92/89741 track_id=5OGpsZeJRZ3t3MZioawcZW (Attempt 1/5)
[2025-03-31 11:37:17,624] INFO: Processing 93/89741 track_id=3Vnes7v746dYzBn0FJTZ1W (Attempt 1/5)
[2025-03-31 11:37:22,715] INFO: Processing 94/89741 track_id=30cYWLpVdBZVLb1cYdmcTT (Attempt 1/5)
[2025-03-31 11:37:27,797] INFO: Processing 95/89741 track_id=7sUqJ51FGSi3n7x4pYjY3v (Attempt 1/5)
[2025-03-31 11:37:32,882] INFO: Processing 96/89741 track_id=15BFn2VmEtonsXfNL1lUmy (Attempt 1/5)
[2025-03-31 11:37:37,983] INFO: Processing 97/89741 track_id=0WOFJR54wyTwLB11jcBDb1 (Attempt 1/5)
[2025-03-31 11:37:43,077] INFO: Processing 98/89741 track_id=1uDCw6LVMOmbZ6zRliNcNX (Attempt 1/5)
[2025-03-31 11:37:48,171] INFO: Processing 99/89741 track_id=7DYsBLdOqz0z14tYWMt2Tn (Attempt 1/5)
[2025-03-31 11:37:53,354] INFO: Processing 100/89741 track_id=7cPuE0M35EajWPRO3nRcH8 (Attempt 1/5)
[2025-03-31 11:37:58,629] INFO: Processing 101/89741 track_id=0U32q8CZRRo7xCzyiaZw5f (Attempt 1/5)
[2025-03-31 11:38:03,718] INFO: Processing 102/89741 track_id=4kQXMVjoZ9yMibLZq5Aqi5 (Attempt 1/5)
[2025-03-31 11:38:09,088] INFO: Processing 103/89741 track_id=3us8sod4dLbM9FiMiPiEY8 (Attempt 1/5)
[2025-03-31 11:38:14,184] INFO: Processing 104/89741 track_id=1PR5pyPiOEEQ02oJYq402x (Attempt 1/5)
[2025-03-31 11:38:19,400] INFO: Processing 105/89741 track_id=068qo0w1Ki0cjnFYOUhAm2 (Attempt 1/5)
[2025-03-31 11:38:24,535] INFO: Processing 106/89741 track_id=2RFt6ZWQbr9mPhsft9u9eX (Attempt 1/5)
[2025-03-31 11:38:29,697] INFO: Processing 107/89741 track_id=59pUIlXjQupbiYwt40uUTi (Attempt 1/5)
[2025-03-31 11:38:34,854] INFO: Processing 108/89741 track_id=0VhZ5JYfqPojSYeGWnk4dL (Attempt 1/5)
[2025-03-31 11:38:40,187] INFO: Processing 109/89741 track_id=0ltIx8PLjtWoS9zn9PqsZW (Attempt 1/5)
[2025-03-31 11:38:45,404] INFO: Processing 110/89741 track_id=7ACW42whcdOiUxiNVu7ltx (Attempt 1/5)
[2025-03-31 11:38:50,548] INFO: Processing 111/89741 track_id=4qTHoIp62ngNDpUJwW3hZ7 (Attempt 1/5)
[2025-03-31 11:38:55,639] INFO: Processing 112/89741 track_id=4VbDTk82rqWqVgoQC93CkC (Attempt 1/5)
[2025-03-31 11:39:00,735] INFO: Processing 113/89741 track_id=1pG5nd6gmfbMwUfT5shDQe (Attempt 1/5)
[2025-03-31 11:39:06,007] INFO: Processing 114/89741 track_id=2WZyfujzMweFLnozyUJBkW (Attempt 1/5)
[2025-03-31 11:39:11,261] INFO: Processing 115/89741 track_id=6gijbGNDNNJgT60Aj7UCyc (Attempt 1/5)
[2025-03-31 11:39:16,435] INFO: Processing 116/89741 track_id=5pq4v03P5PxMcnCagg4S3Z (Attempt 1/5)
[2025-03-31 11:39:21,571] INFO: Processing 117/89741 track_id=08OjvLnGR3M0HUhcePeMNO (Attempt 1/5)
[2025-03-31 11:39:26,688] INFO: Processing 118/89741 track_id=65VhbQdqvozUntjnlFkFbZ (Attempt 1/5)
[2025-03-31 11:39:31,781] INFO: Processing 119/89741 track_id=05pKAafT85jeeNhZ6kq7HT (Attempt 1/5)
[2025-03-31 11:39:36,883] INFO: Processing 120/89741 track_id=3PG6V5yuFfo4APiovOQoRv (Attempt 1/5)
[2025-03-31 11:39:42,288] INFO: Processing 121/89741 track_id=5O9R57EozcpLKGQBzadPVy (Attempt 1/5)
[2025-03-31 11:39:47,466] INFO: Processing 122/89741 track_id=6ta5yavnnEfCE4faU0jebM (Attempt 1/5)
[2025-03-31 11:39:52,963] INFO: Processing 123/89741 track_id=7BRCa8MPiyuvr2VU3O9W0F (Attempt 1/5)
[2025-03-31 11:39:58,155] INFO: Processing 124/89741 track_id=5ZhaKUsY68U0lgREFWfoxg (Attempt 1/5)
[2025-03-31 11:40:03,264] INFO: Processing 125/89741 track_id=4zcMBfbQZvBSHQBGDd6gsN (Attempt 1/5)
[2025-03-31 11:40:08,428] INFO: Processing 126/89741 track_id=7bhHLZxkRekrNPPkEdDTbn (Attempt 1/5)
[2025-03-31 11:40:13,735] INFO: Processing 127/89741 track_id=5rwq6R0Uq0BngM3rdmCeNg (Attempt 1/5)
[2025-03-31 11:40:18,906] INFO: Processing 128/89741 track_id=2lxBZVbkiCXC1soks2RXwV (Attempt 1/5)
[2025-03-31 11:40:24,069] INFO: Processing 129/89741 track_id=38YgZVHPWOWsKrsCXz6JyP (Attempt 1/5)
[2025-03-31 11:40:29,241] INFO: Processing 130/89741 track_id=6XrNrp7UtGgyZcHJ0ckL0w (Attempt 1/5)
[2025-03-31 11:40:34,406] INFO: Processing 131/89741 track_id=72R0X0h8YaxYNpegeoOl0M (Attempt 1/5)
[2025-03-31 11:40:39,566] INFO: Processing 132/89741 track_id=6R6ux6KaKrhAg2EIB2krdU (Attempt 1/5)
[2025-03-31 11:40:44,648] INFO: Processing 133/89741 track_id=2D9w6sabdMCLSheW5aegwO (Attempt 1/5)
[2025-03-31 11:40:49,760] INFO: Processing 134/89741 track_id=1Qo3taHLFSQpzLm5Sty7M4 (Attempt 1/5)
[2025-03-31 11:40:55,269] INFO: Processing 135/89741 track_id=71M4QMn8nrok1KFVXwEEyU (Attempt 1/5)
[2025-03-31 11:41:00,369] INFO: Processing 136/89741 track_id=4lxGVzcUaSF5HW5jtWnShV (Attempt 1/5)
[2025-03-31 11:41:05,454] INFO: Processing 137/89741 track_id=2PIlBukQ6limukVR8Ubb5o (Attempt 1/5)
[2025-03-31 11:41:11,287] INFO: Processing 138/89741 track_id=5p9XWUdvbUzmPCukOmwoU3 (Attempt 1/5)
[2025-03-31 11:41:16,397] INFO: Processing 139/89741 track_id=1uSuY2qLCbx1QB7oPUVhFG (Attempt 1/5)
[2025-03-31 11:41:21,570] INFO: Processing 140/89741 track_id=6twvFrIoIINH8UW8EB8OnU (Attempt 1/5)
[2025-03-31 11:41:26,670] INFO: Processing 141/89741 track_id=2pelUnMKr07JjJpilj9Yew (Attempt 1/5)
[2025-03-31 11:41:31,777] INFO: Processing 142/89741 track_id=7d0bJhpp0mCYyMXaMgWyMS (Attempt 1/5)
[2025-03-31 11:41:37,065] INFO: Processing 143/89741 track_id=73CbJykoV6WapWGfTeRzTl (Attempt 1/5)
[2025-03-31 11:41:42,169] INFO: Processing 144/89741 track_id=3ixLIO5BsTmic0Pp27FaPY (Attempt 1/5)
[2025-03-31 11:41:47,325] INFO: Processing 145/89741 track_id=5ZetMq21bMQN5oo4TtdOxu (Attempt 1/5)
[2025-03-31 11:41:52,470] INFO: Processing 146/89741 track_id=73oHkllHIT8fdbzpxiXW40 (Attempt 1/5)
[2025-03-31 11:41:57,570] INFO: Processing 147/89741 track_id=4MihgVRpD82EZoT61GW63w (Attempt 1/5)
[2025-03-31 11:42:02,773] INFO: Processing 148/89741 track_id=1BECZPXBXzobsfmlzj0g3I (Attempt 1/5)
[2025-03-31 11:42:07,883] INFO: Processing 149/89741 track_id=14vExHBkh1prEAN94wZug8 (Attempt 1/5)
[2025-03-31 11:42:13,026] INFO: Processing 150/89741 track_id=0fzCtVM9D5UEwiLqcY8Ouq (Attempt 1/5)
[2025-03-31 11:42:18,125] INFO: Processing 151/89741 track_id=6IF2P93LkyW4GqDQu1yS7H (Attempt 1/5)
[2025-03-31 11:42:23,803] INFO: Processing 152/89741 track_id=34dnNAUoIPcwnK0RtVMBWZ (Attempt 1/5)
[2025-03-31 11:42:28,953] INFO: Processing 153/89741 track_id=5aDpULK8MbJmHl42kR5KNI (Attempt 1/5)
[2025-03-31 11:42:34,147] INFO: Processing 154/89741 track_id=1fI1TMpz7FVkpoYBhmiywp (Attempt 1/5)
[2025-03-31 11:42:39,727] INFO: Processing 155/89741 track_id=23Mcmg5O8rBKAOzxvrTjnD (Attempt 1/5)
[2025-03-31 11:42:44,821] INFO: Processing 156/89741 track_id=0gVbkmFqq5fIkXtJJ3UTfM (Attempt 1/5)
[2025-03-31 11:42:50,209] INFO: Processing 157/89741 track_id=00DuOxungwHwVUX2m37P0P (Attempt 1/5)
[2025-03-31 11:42:55,470] INFO: Processing 158/89741 track_id=2lFlveK1y13WWp3vnQtrr3 (Attempt 1/5)
[2025-03-31 11:43:00,553] INFO: Processing 159/89741 track_id=2WD93lsfJonaKtrQtpLB2R (Attempt 1/5)
[2025-03-31 11:43:05,805] INFO: Processing 160/89741 track_id=7njTGO45SkaBTNu35t2Yq0 (Attempt 1/5)
[2025-03-31 11:43:10,884] INFO: Processing 161/89741 track_id=6ivkBaxvclVhwZDE2uwldj (Attempt 1/5)
[2025-03-31 11:43:16,053] INFO: Processing 162/89741 track_id=6Cvti10W0AzmzG9D1tpuKp (Attempt 1/5)
[2025-03-31 11:43:21,271] INFO: Processing 163/89741 track_id=03yc0G2OoH1Eeyu7Piy8fK (Attempt 1/5)
[2025-03-31 11:43:26,372] INFO: Processing 164/89741 track_id=5RO0MNa5hBKIM4OcjygadU (Attempt 1/5)
[2025-03-31 11:43:31,579] INFO: Processing 165/89741 track_id=78TKtlSLWK8pZAKKW3MyQL (Attempt 1/5)
[2025-03-31 11:43:36,688] INFO: Processing 166/89741 track_id=1esE8j1nVyzEQ5rVhYXoJT (Attempt 1/5)
[2025-03-31 11:43:41,773] INFO: Processing 167/89741 track_id=68Yc9ylRZZPtsuVgtrxcDj (Attempt 1/5)
[2025-03-31 11:43:46,970] INFO: Processing 168/89741 track_id=3tjjCCdXSdaVEo4q4y071G (Attempt 1/5)
[2025-03-31 11:43:52,164] INFO: Processing 169/89741 track_id=3tob5ofeuvFKKSbOTldenC (Attempt 1/5)
[2025-03-31 11:43:57,269] INFO: Processing 170/89741 track_id=4E6cwWJWZw2zWf7VFbH7wf (Attempt 1/5)
[2025-03-31 11:44:02,371] INFO: Processing 171/89741 track_id=3uAdZpIbMTtVXitHVibLMV (Attempt 1/5)
[2025-03-31 11:44:07,457] INFO: Processing 172/89741 track_id=2LC523tbEPFpc1pnikbt5b (Attempt 1/5)
[2025-03-31 11:44:12,623] INFO: Processing 173/89741 track_id=3ISLwA96mtx13Wx7K1PPPk (Attempt 1/5)
[2025-03-31 11:44:17,821] INFO: Processing 174/89741 track_id=7Ca2CkwSqHyr3eCh8IRdjz (Attempt 1/5)
[2025-03-31 11:44:23,719] INFO: Processing 175/89741 track_id=6ql0ffq6Jvyh9OKqrJCMaP (Attempt 1/5)
[2025-03-31 11:44:28,884] INFO: Processing 176/89741 track_id=1EyvonxK8OGHRV4WDRdArc (Attempt 1/5)
[2025-03-31 11:44:34,055] INFO: Processing 177/89741 track_id=0EKBV6GybPtALXUgWqWrym (Attempt 1/5)
[2025-03-31 11:44:39,156] INFO: Processing 178/89741 track_id=41A82PidFKhGX5hm1WoaDs (Attempt 1/5)
[2025-03-31 11:44:44,242] INFO: Processing 179/89741 track_id=5oV8bZaShr2d01FFMHBUPq (Attempt 1/5)
[2025-03-31 11:44:49,339] INFO: Processing 180/89741 track_id=5nMRpGfqQ0tb1TMbqBVK2J (Attempt 1/5)
[2025-03-31 11:44:54,434] INFO: Processing 181/89741 track_id=04qDUASuSfVp6fktfsxVej (Attempt 1/5)
[2025-03-31 11:44:59,883] INFO: Processing 182/89741 track_id=3g61xRaqII8q1wlQDzv550 (Attempt 1/5)
[2025-03-31 11:45:04,977] INFO: Processing 183/89741 track_id=3dglCYsVMjPbDlU2CC9Vq7 (Attempt 1/5)
[2025-03-31 11:45:10,234] INFO: Processing 184/89741 track_id=2f4jlGvGi3ZDGogXys5FUp (Attempt 1/5)
[2025-03-31 11:45:15,433] INFO: Processing 185/89741 track_id=3NCg46FWgnANZc9HQHQOQR (Attempt 1/5)
[2025-03-31 11:45:20,523] INFO: Processing 186/89741 track_id=0muntSMuAZzcwYBBMZj6sf (Attempt 1/5)
[2025-03-31 11:45:25,681] INFO: Processing 187/89741 track_id=4bXoVtbp6fN8FaSQvGQB41 (Attempt 1/5)
[2025-03-31 11:45:30,773] INFO: Processing 188/89741 track_id=3FRARAKLpHw3er9ZaTwaHO (Attempt 1/5)
[2025-03-31 11:45:35,861] INFO: Processing 189/89741 track_id=2Dzhwe90lhHXVU6lk7Nx0H (Attempt 1/5)
[2025-03-31 11:45:41,062] INFO: Processing 190/89741 track_id=12niARgkwxGsklcEwh6GlG (Attempt 1/5)
[2025-03-31 11:45:46,259] INFO: Processing 191/89741 track_id=0v0pc1lIt5p6EBX7pnfOGF (Attempt 1/5)
[2025-03-31 11:45:51,385] INFO: Processing 192/89741 track_id=5wQci5VCUjdbKnRD61XYwu (Attempt 1/5)
[2025-03-31 11:45:56,467] INFO: Processing 193/89741 track_id=0HQnJee8ShSDu2AYwibxst (Attempt 1/5)
[2025-03-31 11:46:01,669] INFO: Processing 194/89741 track_id=4VoJCUgNmnqG2qF0peDBkw (Attempt 1/5)
[2025-03-31 11:46:06,834] INFO: Processing 195/89741 track_id=7xLhousIHDxoGgeJNhO4Ye (Attempt 1/5)
[2025-03-31 11:46:11,918] INFO: Processing 196/89741 track_id=1bhpBRCLsVg3p7BWARbaDS (Attempt 1/5)
[2025-03-31 11:46:17,013] INFO: Processing 197/89741 track_id=6NSlOEEtWlqvEFrjQsry77 (Attempt 1/5)
[2025-03-31 11:46:22,434] INFO: Processing 198/89741 track_id=1HqVCK9h4LiJ61aRrrKTAt (Attempt 1/5)
[2025-03-31 11:46:27,628] INFO: Processing 199/89741 track_id=0wP19iM8ULJyV0r0LFDsDv (Attempt 1/5)
[2025-03-31 11:46:32,842] INFO: Processing 200/89741 track_id=27Fq4XyOkogdGLcfsVdjFb (Attempt 1/5)
[2025-03-31 11:46:38,324] INFO: Processing 201/89741 track_id=45jGOHwYKgsRYbAJ8DR61d (Attempt 1/5)
[2025-03-31 11:46:43,427] INFO: Processing 202/89741 track_id=4iObEYRE4FLm0D90gmZFef (Attempt 1/5)
[2025-03-31 11:46:48,603] INFO: Processing 203/89741 track_id=3akr0ZrJxLMBLIFeNNKffW (Attempt 1/5)
[2025-03-31 11:46:53,953] INFO: Processing 204/89741 track_id=7BRwh1bemr9rFMDeTbcy5S (Attempt 1/5)
[2025-03-31 11:46:59,089] INFO: Processing 205/89741 track_id=3rzRo91l4htQvMXhsiECAX (Attempt 1/5)
[2025-03-31 11:47:04,662] INFO: Processing 206/89741 track_id=0v1vufjir4OE4iRckLMoLd (Attempt 1/5)
[2025-03-31 11:47:09,850] INFO: Processing 207/89741 track_id=4vAnqYqm1DOo5IDVcxORX3 (Attempt 1/5)
[2025-03-31 11:47:14,949] INFO: Processing 208/89741 track_id=2X5AFygz5SDYlXagyPw8kX (Attempt 1/5)
[2025-03-31 11:47:20,096] INFO: Processing 209/89741 track_id=13GvSZgg9LOs3M9uGbWsPE (Attempt 1/5)
[2025-03-31 11:47:25,260] INFO: Processing 210/89741 track_id=4cR4nao0hqqBtklQmGVqbe (Attempt 1/5)
[2025-03-31 11:47:30,340] INFO: Processing 211/89741 track_id=4x7AdVDV9IFWp8pg4LMz90 (Attempt 1/5)
[2025-03-31 11:47:35,505] INFO: Processing 212/89741 track_id=5eNYumDY5PCXtKKJ0SWg2r (Attempt 1/5)
[2025-03-31 11:47:40,746] INFO: Processing 213/89741 track_id=6dwkFmLUz6hx2CZG2EqLol (Attempt 1/5)
[2025-03-31 11:47:45,860] INFO: Processing 214/89741 track_id=7aohwSiTDju51QmC54AUba (Attempt 1/5)
[2025-03-31 11:47:50,993] INFO: Processing 215/89741 track_id=7g3ryXLtXExZ0OFCj17Ae1 (Attempt 1/5)
[2025-03-31 11:47:56,137] INFO: Processing 216/89741 track_id=5MrgVJzR1du1gz8XWe4m28 (Attempt 1/5)
[2025-03-31 11:48:01,289] INFO: Processing 217/89741 track_id=5auMzVHFr5Zfw6IbKarZ56 (Attempt 1/5)
[2025-03-31 11:48:06,451] INFO: Processing 218/89741 track_id=63bmIgH9sS6sX5Sc7MetGq (Attempt 1/5)
[2025-03-31 11:48:11,556] INFO: Processing 219/89741 track_id=3ZjSJv88euP3CdvTg07dZL (Attempt 1/5)
[2025-03-31 11:48:16,660] INFO: Processing 220/89741 track_id=14BMBNRzv24eG6OKoIgPfP (Attempt 1/5)
[2025-03-31 11:48:21,760] INFO: Processing 221/89741 track_id=5pEmeoMUW38w1oU3kPelvR (Attempt 1/5)
[2025-03-31 11:48:26,859] INFO: Processing 222/89741 track_id=2h3VsZVKQeT0yLNQtCIRjn (Attempt 1/5)
[2025-03-31 11:48:31,951] INFO: Processing 223/89741 track_id=1dcNEEtODRVZEevQ20Cgmy (Attempt 1/5)
[2025-03-31 11:48:37,040] INFO: Processing 224/89741 track_id=6huS9u0BDfeQHq0lObNLPl (Attempt 1/5)
[2025-03-31 11:48:42,194] INFO: Processing 225/89741 track_id=14NiShC5b46yQxBN1mu9VJ (Attempt 1/5)
[2025-03-31 11:48:47,316] INFO: Processing 226/89741 track_id=3DyhwZyBFedvnt68fMi6vf (Attempt 1/5)
[2025-03-31 11:48:52,418] INFO: Processing 227/89741 track_id=6kRZfOZSuoi0Htg6gROKDz (Attempt 1/5)
[2025-03-31 11:48:57,534] INFO: Processing 228/89741 track_id=5e9DrLUUZraUE7mmniufjn (Attempt 1/5)
[2025-03-31 11:49:02,781] INFO: Processing 229/89741 track_id=2z3HKlpENvfz1Am2MNF2pL (Attempt 1/5)
[2025-03-31 11:49:08,281] INFO: Processing 230/89741 track_id=33JX2be3eKVhl5xk8YQhVc (Attempt 1/5)
[2025-03-31 11:49:13,378] INFO: Processing 231/89741 track_id=29Ns3avs48iQhNQgrHMEkm (Attempt 1/5)
[2025-03-31 11:49:18,559] INFO: Processing 232/89741 track_id=2XDxQ3VzovLzh60zgOaNEi (Attempt 1/5)
[2025-03-31 11:49:23,659] INFO: Processing 233/89741 track_id=0J4sK2VO75cRSVoj0FokQn (Attempt 1/5)
[2025-03-31 11:49:28,768] INFO: Processing 234/89741 track_id=7bpR5j22mNID1pXwgRcZP1 (Attempt 1/5)
[2025-03-31 11:49:33,875] INFO: Processing 235/89741 track_id=1U1GtaJeYwGsPgqV9Me5bb (Attempt 1/5)
[2025-03-31 11:49:39,120] INFO: Processing 236/89741 track_id=34p2uL1CvmaHn3uLfOKt8d (Attempt 1/5)
[2025-03-31 11:49:44,200] INFO: Processing 237/89741 track_id=2EKxmYmUdAVXlaHCnnW13o (Attempt 1/5)
[2025-03-31 11:49:49,380] INFO: Processing 238/89741 track_id=1jkBuvWI9IGEz9thXiKOlP (Attempt 1/5)
[2025-03-31 11:49:54,468] INFO: Processing 239/89741 track_id=7K36drJq6lInkW6Kkojucp (Attempt 1/5)
[2025-03-31 11:49:59,568] INFO: Processing 240/89741 track_id=4PuUa8e5s7P3Zv1IdCGIsa (Attempt 1/5)
[2025-03-31 11:50:04,670] INFO: Processing 241/89741 track_id=72SPsHheqN6J3sI520jT9E (Attempt 1/5)
[2025-03-31 11:50:09,845] INFO: Processing 242/89741 track_id=52J3WARiRHMtXbFXUWrVgu (Attempt 1/5)
[2025-03-31 11:50:14,961] INFO: Processing 243/89741 track_id=03VNgdCL9t8aPyvwZecglI (Attempt 1/5)
[2025-03-31 11:50:20,165] INFO: Processing 244/89741 track_id=3M6NL7PxIDZ3ArfPrBUTUP (Attempt 1/5)
[2025-03-31 11:50:25,333] INFO: Processing 245/89741 track_id=7jJH8F3PHlNvxfqEAAfFDl (Attempt 1/5)
[2025-03-31 11:50:30,435] INFO: Processing 246/89741 track_id=6JNEDSev5Tp5VQR04SEBfV (Attempt 1/5)
[2025-03-31 11:50:35,624] INFO: Processing 247/89741 track_id=1gRa1tyGV1GY60QgU5DkQH (Attempt 1/5)
[2025-03-31 11:50:40,801] INFO: Processing 248/89741 track_id=5DUAKXpyv3nL50PnAQbPS0 (Attempt 1/5)
[2025-03-31 11:50:46,002] INFO: Processing 249/89741 track_id=6OCsvPU6P84wJ0erggCRv4 (Attempt 1/5)
[2025-03-31 11:50:51,202] INFO: Processing 250/89741 track_id=7qJtNgmUyzy3R86vJwk9Wp (Attempt 1/5)
[2025-03-31 11:50:56,289] INFO: Processing 251/89741 track_id=6hy5eqMQ36KAChR1ZZ05zc (Attempt 1/5)
[2025-03-31 11:51:01,440] INFO: Processing 252/89741 track_id=4Gcx0DkgBVticyPDpezwg5 (Attempt 1/5)
[2025-03-31 11:51:06,695] INFO: Processing 253/89741 track_id=0fUB9bwvKLRpOB18YZHz5N (Attempt 1/5)
[2025-03-31 11:51:11,826] INFO: Processing 254/89741 track_id=0I0l2Oo5zjpCEphpDJL0Pm (Attempt 1/5)
[2025-03-31 11:51:16,925] INFO: Processing 255/89741 track_id=4v0RBzYNzTknP6d0zN2VQb (Attempt 1/5)
[2025-03-31 11:51:22,121] INFO: Processing 256/89741 track_id=1FQH1FxPwwIj9aKyPBDf9b (Attempt 1/5)
[2025-03-31 11:51:27,205] INFO: Processing 257/89741 track_id=4YgEwanzISFU4xa27saTux (Attempt 1/5)
[2025-03-31 11:51:32,343] INFO: Processing 258/89741 track_id=7pKMoXeiCv40wbrjII06VO (Attempt 1/5)
[2025-03-31 11:51:37,550] INFO: Processing 259/89741 track_id=5MYPzdIWgx3pMLRGlq2fVq (Attempt 1/5)
[2025-03-31 11:51:42,650] INFO: Processing 260/89741 track_id=2Qw1KFrJ1q6qHXxWGh51kC (Attempt 1/5)
[2025-03-31 11:51:47,778] INFO: Processing 261/89741 track_id=66V40iz2mphPbYvuJVj13i (Attempt 1/5)
[2025-03-31 11:51:52,876] INFO: Processing 262/89741 track_id=4Bo6FwC7Oe9zywSZc6q7hO (Attempt 1/5)
[2025-03-31 11:51:58,001] INFO: Processing 263/89741 track_id=6Xbi3gOwMal0Ds3ETvBBwe (Attempt 1/5)
[2025-03-31 11:52:03,169] INFO: Processing 264/89741 track_id=6QXolVfFVjUHPp5TVzsjIF (Attempt 1/5)
[2025-03-31 11:52:08,245] INFO: Processing 265/89741 track_id=71ehTADpxs85ULrZgSEKCy (Attempt 1/5)
[2025-03-31 11:52:13,421] INFO: Processing 266/89741 track_id=4zYkSXrfgJyrNkNv3mTiIZ (Attempt 1/5)
[2025-03-31 11:52:18,735] INFO: Processing 267/89741 track_id=1nFJAKHt0jgzVogbNJT3Zz (Attempt 1/5)
[2025-03-31 11:52:23,830] INFO: Processing 268/89741 track_id=1RZkqIEM5aV000fKgz9J46 (Attempt 1/5)
[2025-03-31 11:52:29,041] INFO: Processing 269/89741 track_id=0n3E6m57nDZJDyUHllaMDp (Attempt 1/5)
[2025-03-31 11:52:34,127] INFO: Processing 270/89741 track_id=2gBYjMXW65daBB1elr68JK (Attempt 1/5)
[2025-03-31 11:52:39,244] INFO: Processing 271/89741 track_id=1FF6TogE9ELY71XnLPoEv6 (Attempt 1/5)
[2025-03-31 11:52:44,335] INFO: Processing 272/89741 track_id=6G8xunNOicxhPPq9sG2raG (Attempt 1/5)
[2025-03-31 11:52:49,424] INFO: Processing 273/89741 track_id=6LsHKNorX6fPBNcGxU1jQZ (Attempt 1/5)
[2025-03-31 11:52:54,523] INFO: Processing 274/89741 track_id=1uxm47Qn1JhUWZHQfcY6w1 (Attempt 1/5)
[2025-03-31 11:52:59,604] INFO: Processing 275/89741 track_id=2nBrIzKacrNdIxs90FlsT1 (Attempt 1/5)
[2025-03-31 11:53:04,898] INFO: Processing 276/89741 track_id=5mdjfBsyzl78NQI4sI4IzR (Attempt 1/5)
[2025-03-31 11:53:10,068] INFO: Processing 277/89741 track_id=7mQmu0JSoEyYU763IJXhIA (Attempt 1/5)
[2025-03-31 11:53:15,191] INFO: Processing 278/89741 track_id=08feveJTNL1OMLSrdoHQ6Q (Attempt 1/5)
[2025-03-31 11:53:20,536] INFO: Processing 279/89741 track_id=4ngv7whSPSAwD8ZP3zMHsd (Attempt 1/5)
[2025-03-31 11:53:25,781] INFO: Processing 280/89741 track_id=24UxG3p1Ghtc5ejJtGBoeL (Attempt 1/5)
[2025-03-31 11:53:30,874] INFO: Processing 281/89741 track_id=4yRlTvPVfEyhXfp6GZurq9 (Attempt 1/5)
[2025-03-31 11:53:36,207] INFO: Processing 282/89741 track_id=5xQTEPjGsLuvwnnvyK3fAA (Attempt 1/5)
[2025-03-31 11:53:41,294] INFO: Processing 283/89741 track_id=3Mq1SOKwAPYgE0ZtPzvWZZ (Attempt 1/5)
[2025-03-31 11:53:46,498] INFO: Processing 284/89741 track_id=38ssTLOvoZyL4CLa4ImDG9 (Attempt 1/5)
[2025-03-31 11:53:52,835] INFO: Processing 285/89741 track_id=0njuNwIyB3DoBHC0SFUkOr (Attempt 1/5)
[2025-03-31 11:53:57,942] INFO: Processing 286/89741 track_id=5sdliaZjk3rVGuT13UVhxn (Attempt 1/5)
[2025-03-31 11:54:03,036] INFO: Processing 287/89741 track_id=2Dz5WpEWA0vhnMmEPYiZ2y (Attempt 1/5)
[2025-03-31 11:54:08,152] INFO: Processing 288/89741 track_id=5w8Cu20Yt1ZNQuVdcafTYC (Attempt 1/5)
[2025-03-31 11:54:13,326] INFO: Processing 289/89741 track_id=1FHCU1rDAeaPsBW9byjJ0Q (Attempt 1/5)
[2025-03-31 11:54:18,501] INFO: Processing 290/89741 track_id=0x26yM2rrvtoHGRXXzppx3 (Attempt 1/5)
[2025-03-31 11:54:23,717] INFO: Processing 291/89741 track_id=0Kt5AHOpQAkEsHAuPeB0le (Attempt 1/5)
[2025-03-31 11:54:28,967] INFO: Processing 292/89741 track_id=07m8PuXxxv5J4qPEDq6ZkK (Attempt 1/5)
[2025-03-31 11:54:34,125] INFO: Processing 293/89741 track_id=1YjMWOorkBaP4MdKkKtp4y (Attempt 1/5)
[2025-03-31 11:54:39,222] INFO: Processing 294/89741 track_id=0KF5nzdiqZlxVK68MPITst (Attempt 1/5)
[2025-03-31 11:54:44,311] INFO: Processing 295/89741 track_id=1pV4cJaYl9ovK0GcSjH1hy (Attempt 1/5)
[2025-03-31 11:54:49,534] INFO: Processing 296/89741 track_id=2fSIF8CJhoc9CJhF9vJDXp (Attempt 1/5)
[2025-03-31 11:54:54,630] INFO: Processing 297/89741 track_id=6J0bdIZElZMymahgVWRE9B (Attempt 1/5)
[2025-03-31 11:54:59,736] INFO: Processing 298/89741 track_id=5sVyefkGgQeYCgnqr4KslQ (Attempt 1/5)
[2025-03-31 11:55:04,930] INFO: Processing 299/89741 track_id=1MGIxsVtqK2npdPmI8Dj0D (Attempt 1/5)
[2025-03-31 11:55:10,013] INFO: Processing 300/89741 track_id=4M4suTUnAYZocl09XEKBZN (Attempt 1/5)
[2025-03-31 11:55:15,093] INFO: Processing 301/89741 track_id=2C9ePPz58he8jmYEod9pvT (Attempt 1/5)
[2025-03-31 11:55:20,169] INFO: Processing 302/89741 track_id=4j0xGuo8Z47wfBiVunT6VR (Attempt 1/5)
[2025-03-31 11:55:25,261] INFO: Processing 303/89741 track_id=0JzOJIS7ktLq5Ux6LtYJuW (Attempt 1/5)
[2025-03-31 11:55:30,350] INFO: Processing 304/89741 track_id=298xJ2nBaWWS0Je5rtlSxT (Attempt 1/5)
[2025-03-31 11:55:35,614] INFO: Processing 305/89741 track_id=33SH8ZC36EzoRstHbaFE72 (Attempt 1/5)
[2025-03-31 11:55:40,878] INFO: Processing 306/89741 track_id=18PrtmAcNMgZNy1edWuXGb (Attempt 1/5)
[2025-03-31 11:55:46,384] INFO: Processing 307/89741 track_id=4CU3t2c3TIpmzX44P1VCFi (Attempt 1/5)
[2025-03-31 11:55:51,481] INFO: Processing 308/89741 track_id=0dnRlO7IDzbN9ixVld7hz6 (Attempt 1/5)
[2025-03-31 11:55:56,656] INFO: Processing 309/89741 track_id=1XW1lKfocLOAUdp8rUQoNC (Attempt 1/5)
[2025-03-31 11:56:01,840] INFO: Processing 310/89741 track_id=1TZBg0IBHvqfSAlHvVd8eH (Attempt 1/5)
[2025-03-31 11:56:06,952] INFO: Processing 311/89741 track_id=5j5OayPyUCnJSK0RynvqgK (Attempt 1/5)
[2025-03-31 11:56:12,273] INFO: Processing 312/89741 track_id=4WtqjjSiGYHORMr6VX3td1 (Attempt 1/5)
[2025-03-31 11:56:17,358] INFO: Processing 313/89741 track_id=0Pi3Ua6fJV1Yx5MGXhfybT (Attempt 1/5)
[2025-03-31 11:56:22,481] INFO: Processing 314/89741 track_id=0c99BUd87HQfzgUUQqRyds (Attempt 1/5)
[2025-03-31 11:56:27,555] INFO: Processing 315/89741 track_id=7JRJOLKHz88pR0YS4pVCao (Attempt 1/5)
[2025-03-31 11:56:32,698] INFO: Processing 316/89741 track_id=0xlyMQ56pZAoGuLCs7GH90 (Attempt 1/5)
[2025-03-31 11:56:37,950] INFO: Processing 317/89741 track_id=5dH4xnErpUOIDrGySWGkfJ (Attempt 1/5)
[2025-03-31 11:56:43,063] INFO: Processing 318/89741 track_id=2Sg5gtKvSiRf7TBjI0ObF2 (Attempt 1/5)
[2025-03-31 11:56:48,251] INFO: Processing 319/89741 track_id=2AHZHeLTPuGILKyr4l8uTU (Attempt 1/5)
[2025-03-31 11:56:53,417] INFO: Processing 320/89741 track_id=3JKLrIrHpbHtDU1oeYtbYD (Attempt 1/5)
[2025-03-31 11:56:58,517] INFO: Processing 321/89741 track_id=2CsHDQ1WFLQBBpIEuLcL3z (Attempt 1/5)
[2025-03-31 11:57:03,624] INFO: Processing 322/89741 track_id=24Gm1mIhO28NmgT17S95JE (Attempt 1/5)
[2025-03-31 11:57:08,960] INFO: Processing 323/89741 track_id=6j9kSGlYLZdZ9sZkY9DjzY (Attempt 1/5)
[2025-03-31 11:57:14,113] INFO: Processing 324/89741 track_id=2UJy2HHo4afrQbI5FizxLM (Attempt 1/5)
[2025-03-31 11:57:19,300] INFO: Processing 325/89741 track_id=7HSk4yGZxfjOkHyOvZrBQZ (Attempt 1/5)
[2025-03-31 11:57:24,504] INFO: Processing 326/89741 track_id=2Jhx81CSHw8xWwBqRM2mZR (Attempt 1/5)
[2025-03-31 11:57:29,581] INFO: Processing 327/89741 track_id=5P6ZBMWS66FVo6deJaDdHy (Attempt 1/5)
[2025-03-31 11:57:34,668] INFO: Processing 328/89741 track_id=5SgFX13gtlQfsNUpoPshwD (Attempt 1/5)
[2025-03-31 11:57:39,755] INFO: Processing 329/89741 track_id=7vu53hQrIoH7UGeh6qcct1 (Attempt 1/5)
[2025-03-31 11:57:44,839] INFO: Processing 330/89741 track_id=55RMhrPQYA6vLu5YMgXxFD (Attempt 1/5)
[2025-03-31 11:57:49,939] INFO: Processing 331/89741 track_id=2KsdoMZsL2ajnjjYUWm1ZT (Attempt 1/5)
[2025-03-31 11:57:55,155] INFO: Processing 332/89741 track_id=2fPb58e6f8KxejYDCaARwS (Attempt 1/5)
[2025-03-31 11:58:00,243] INFO: Processing 333/89741 track_id=4NxUuupOGPquDhy1yFIZK3 (Attempt 1/5)
[2025-03-31 11:58:05,598] INFO: Processing 334/89741 track_id=0avtLG17MT8kDf9xc67Niv (Attempt 1/5)
[2025-03-31 11:58:10,834] INFO: Processing 335/89741 track_id=6jI7y83WjuyBne9b3IvdSs (Attempt 1/5)
[2025-03-31 11:58:15,946] INFO: Processing 336/89741 track_id=0ngtyvPUKR4YTtkVKvZP02 (Attempt 1/5)
[2025-03-31 11:58:21,033] INFO: Processing 337/89741 track_id=5PoaNLRYLL7rywHSPUOZs8 (Attempt 1/5)
[2025-03-31 11:58:26,116] INFO: Processing 338/89741 track_id=6DwgZO7AMYelPFwr8WPhpg (Attempt 1/5)
[2025-03-31 11:58:31,226] INFO: Processing 339/89741 track_id=5X3w2MfxgMTZkn2mTPQs0u (Attempt 1/5)
[2025-03-31 11:58:36,331] INFO: Processing 340/89741 track_id=5PCwedwyeLZQ6xAUIKbwos (Attempt 1/5)
[2025-03-31 11:58:41,499] INFO: Processing 341/89741 track_id=32kyGOJpEOTFKR9wvPSsxJ (Attempt 1/5)
[2025-03-31 11:58:46,614] INFO: Processing 342/89741 track_id=0ifc4mq2mVNefgQFmtXQpt (Attempt 1/5)
[2025-03-31 11:58:51,804] INFO: Processing 343/89741 track_id=2gJ3ZOaiWr3jGHwevufOxr (Attempt 1/5)
[2025-03-31 11:58:57,006] INFO: Processing 344/89741 track_id=37jsciEAFxwyjXx0kV6aO6 (Attempt 1/5)
[2025-03-31 11:59:02,167] INFO: Processing 345/89741 track_id=22KbVMZekQbkrHGrubQTpQ (Attempt 1/5)
[2025-03-31 11:59:07,277] INFO: Processing 346/89741 track_id=4RiKD76gS8huCzwWqw0EGC (Attempt 1/5)
[2025-03-31 11:59:12,471] INFO: Processing 347/89741 track_id=3XFhSbm8EdZD6Cjrm1dNJQ (Attempt 1/5)
[2025-03-31 11:59:17,811] INFO: Processing 348/89741 track_id=3nImoHhXBOqYcdTN8gt9eE (Attempt 1/5)
[2025-03-31 11:59:22,979] INFO: Processing 349/89741 track_id=0B3g35bVxJ42Y0W0I5WBIU (Attempt 1/5)
[2025-03-31 11:59:28,067] INFO: Processing 350/89741 track_id=1igSa6QILI1jyE970ZMYW1 (Attempt 1/5)
[2025-03-31 11:59:33,167] INFO: Processing 351/89741 track_id=4AYITlwiumljGdv0NIGR4T (Attempt 1/5)
[2025-03-31 11:59:38,251] INFO: Processing 352/89741 track_id=3YvutLE6lwEyW4WMF5FIi6 (Attempt 1/5)
[2025-03-31 11:59:43,343] INFO: Processing 353/89741 track_id=3geIJghtdmVc7GeJio1xlj (Attempt 1/5)
[2025-03-31 11:59:48,431] INFO: Processing 354/89741 track_id=1yycinn2WICj4UKGQ9xPjD (Attempt 1/5)
[2025-03-31 11:59:53,606] INFO: Processing 355/89741 track_id=5Z8O4RFAmjA13jrOYIgyXA (Attempt 1/5)
[2025-03-31 11:59:58,856] INFO: Processing 356/89741 track_id=1ABd3bWsG4FCKePjXeVfJG (Attempt 1/5)
[2025-03-31 12:00:04,063] INFO: Processing 357/89741 track_id=4I18rXWixQBWc8JhTqx6Xn (Attempt 1/5)
[2025-03-31 12:00:09,291] INFO: Processing 358/89741 track_id=3IORLAm07yxo4T7B8cRET3 (Attempt 1/5)
[2025-03-31 12:00:14,397] INFO: Processing 359/89741 track_id=4sAX65hbNtEC1lceCdGuMt (Attempt 1/5)
[2025-03-31 12:00:19,553] INFO: Processing 360/89741 track_id=7vg5fesQdq5I7Z7XGdyJd5 (Attempt 1/5)
[2025-03-31 12:00:24,954] INFO: Processing 361/89741 track_id=6Xrq1dAFgZcSi5HuuHe27i (Attempt 1/5)
[2025-03-31 12:00:30,054] INFO: Processing 362/89741 track_id=2TRXV6DoQLjdRrBR6ED6NP (Attempt 1/5)
[2025-03-31 12:00:35,132] INFO: Processing 363/89741 track_id=6xXvAzowcCQmoKdDr1oIFJ (Attempt 1/5)
[2025-03-31 12:00:40,315] INFO: Processing 364/89741 track_id=5L4G3nwKkd4wykW4BV9sVe (Attempt 1/5)
[2025-03-31 12:00:45,536] INFO: Processing 365/89741 track_id=0QzY6rP7C8IWMnpEyuQmC6 (Attempt 1/5)
[2025-03-31 12:00:50,739] INFO: Processing 366/89741 track_id=3XdStlaHnq3JrmQDCRqEET (Attempt 1/5)
[2025-03-31 12:00:56,014] INFO: Processing 367/89741 track_id=4h3rI4uxGsbA4LsLt1nB2t (Attempt 1/5)
[2025-03-31 12:01:01,260] INFO: Processing 368/89741 track_id=2KhS0LVOw9ralhfbcIi7vL (Attempt 1/5)
[2025-03-31 12:01:06,416] INFO: Processing 369/89741 track_id=6fPblqm2OhtEKvaUEQzLzJ (Attempt 1/5)
[2025-03-31 12:01:11,659] INFO: Processing 370/89741 track_id=0wFSrH6x1iQOdUljUueAcd (Attempt 1/5)
[2025-03-31 12:01:16,841] INFO: Processing 371/89741 track_id=1wSZdWFZphxDh6iJhWlIUi (Attempt 1/5)
[2025-03-31 12:01:21,955] INFO: Processing 372/89741 track_id=5ZpSUdy5wL5Hvwsqz6JCAt (Attempt 1/5)
[2025-03-31 12:01:27,042] INFO: Processing 373/89741 track_id=3mDvi0k4LuCA7ViLf3Qb3O (Attempt 1/5)
[2025-03-31 12:01:32,256] INFO: Processing 374/89741 track_id=5D6xoqZwDoqRO5V9rNgxFO (Attempt 1/5)
[2025-03-31 12:01:37,357] INFO: Processing 375/89741 track_id=09t3kwndNebf3RV8DZ5pw3 (Attempt 1/5)
[2025-03-31 12:01:42,889] INFO: Processing 376/89741 track_id=3yVSlc3y7YWZPAreTHjH9v (Attempt 1/5)
[2025-03-31 12:01:47,998] INFO: Processing 377/89741 track_id=5LHruF9uFyPxGpimaknrU8 (Attempt 1/5)
[2025-03-31 12:01:53,131] INFO: Processing 378/89741 track_id=3SxMBVdL2gxhX5V5dXF9jy (Attempt 1/5)
[2025-03-31 12:01:58,230] INFO: Processing 379/89741 track_id=6XCPQygbj33s7OUxlbo6bX (Attempt 1/5)
[2025-03-31 12:02:03,561] INFO: Processing 380/89741 track_id=0IZJR2XrPdWqHdnpaPixw9 (Attempt 1/5)
[2025-03-31 12:02:08,687] INFO: Processing 381/89741 track_id=3VIbZxc3oo1eAlb7tcRsG1 (Attempt 1/5)
[2025-03-31 12:02:13,780] INFO: Processing 382/89741 track_id=3SBzDgdTwHOMSik82ZI6L2 (Attempt 1/5)
[2025-03-31 12:02:18,904] INFO: Processing 383/89741 track_id=2hSag78vkaBXqpaDF3serw (Attempt 1/5)
[2025-03-31 12:02:24,085] INFO: Processing 384/89741 track_id=3wpZTp7HM8Dv25oExNgCC6 (Attempt 1/5)
[2025-03-31 12:02:29,306] INFO: Processing 385/89741 track_id=63wsZUhUZLlh1OsyrZq7sz (Attempt 1/5)
[2025-03-31 12:02:34,423] INFO: Processing 386/89741 track_id=2FSkBDGsqZIxcsnKNgtMLx (Attempt 1/5)
[2025-03-31 12:02:39,516] INFO: Processing 387/89741 track_id=3e5UDAmMzMUM95PqjVHC4L (Attempt 1/5)
[2025-03-31 12:02:44,611] INFO: Processing 388/89741 track_id=2jcDDdBy1foaBC8X9owMrZ (Attempt 1/5)
[2025-03-31 12:02:49,703] INFO: Processing 389/89741 track_id=7KC4B2R255iYIPVG8S7Eey (Attempt 1/5)
[2025-03-31 12:02:55,009] INFO: Processing 390/89741 track_id=7DUnyslSCb05yeSmGGTJ81 (Attempt 1/5)
[2025-03-31 12:03:00,178] INFO: Processing 391/89741 track_id=2lXGLbSXrSACMa2oelt4TE (Attempt 1/5)
[2025-03-31 12:03:05,440] INFO: Processing 392/89741 track_id=6uZroCk7E7L7RhY7NAvC3Y (Attempt 1/5)
[2025-03-31 12:03:10,659] INFO: Processing 393/89741 track_id=6ITdND5IQ7lHzjkyJZSt53 (Attempt 1/5)
[2025-03-31 12:03:15,759] INFO: Processing 394/89741 track_id=71vcffc4Yfz0pt9AbaL386 (Attempt 1/5)
[2025-03-31 12:03:20,900] INFO: Processing 395/89741 track_id=7wbSp6u3cGj5GTN0lNxZ4X (Attempt 1/5)
[2025-03-31 12:03:26,113] INFO: Processing 396/89741 track_id=0HL3y3bsKSARBSP0qaImwb (Attempt 1/5)
[2025-03-31 12:03:31,204] INFO: Processing 397/89741 track_id=1yZWcHtL0KMhKadWXG26SG (Attempt 1/5)
[2025-03-31 12:03:36,450] INFO: Processing 398/89741 track_id=4N1PJshrO7sHB468RoZQjL (Attempt 1/5)
[2025-03-31 12:03:41,597] INFO: Processing 399/89741 track_id=3NrUMv6TqphWgk2PdDdg4H (Attempt 1/5)
[2025-03-31 12:03:46,690] INFO: Processing 400/89741 track_id=42mkE3wbofBNickLHgdVlo (Attempt 1/5)
[2025-03-31 12:03:51,802] INFO: Processing 401/89741 track_id=3Re0unscFRNOkwwEGtxhCO (Attempt 1/5)
[2025-03-31 12:03:57,023] INFO: Processing 402/89741 track_id=4H7MpMZ4p3Cc06B11bcgL7 (Attempt 1/5)
[2025-03-31 12:04:02,195] INFO: Processing 403/89741 track_id=7AKxbxzkxm2ERWrd1ggniO (Attempt 1/5)
[2025-03-31 12:04:07,294] INFO: Processing 404/89741 track_id=6JAXWoK53LV3hYARf4TzzP (Attempt 1/5)
[2025-03-31 12:04:12,392] INFO: Processing 405/89741 track_id=7zCuUs0JXXPIH7GA8tWwii (Attempt 1/5)
[2025-03-31 12:04:17,467] INFO: Processing 406/89741 track_id=5LuSu8fS8PGCH88EDPLYcy (Attempt 1/5)
[2025-03-31 12:04:22,546] INFO: Processing 407/89741 track_id=4nmjL1mUKOAfAbo9QG9tSE (Attempt 1/5)
[2025-03-31 12:04:27,648] INFO: Processing 408/89741 track_id=4A6GiKusHlmrtqCyKAyPg2 (Attempt 1/5)
[2025-03-31 12:04:32,841] INFO: Processing 409/89741 track_id=6y4PDihMDJdFRjhunzpJ6s (Attempt 1/5)
[2025-03-31 12:04:38,520] INFO: Processing 410/89741 track_id=45SbQo5bq8f0hNdB70IyFC (Attempt 1/5)
[2025-03-31 12:04:43,624] INFO: Processing 411/89741 track_id=4l2fpkIEUWv7G9DNp9M2nr (Attempt 1/5)
[2025-03-31 12:04:48,790] INFO: Processing 412/89741 track_id=1wflx5YklLYToaIbXkrZSq (Attempt 1/5)
[2025-03-31 12:04:53,885] INFO: Processing 413/89741 track_id=0RRZxVYjfY3jWT4XiYAW7k (Attempt 1/5)
[2025-03-31 12:04:59,009] INFO: Processing 414/89741 track_id=6f9qzNP6elRi8i2NgqGoE5 (Attempt 1/5)
[2025-03-31 12:05:04,093] INFO: Processing 415/89741 track_id=39dhIbeOy13KQlVlLM0m8G (Attempt 1/5)
[2025-03-31 12:05:09,490] INFO: Processing 416/89741 track_id=3m0jiOJfxIqGGsRKMOA2uQ (Attempt 1/5)
[2025-03-31 12:05:14,616] INFO: Processing 417/89741 track_id=6IiFTtc2ipIXW5HzwFzOjh (Attempt 1/5)
[2025-03-31 12:05:19,709] INFO: Processing 418/89741 track_id=2JI53ZVCxMucM68UpCtZ5C (Attempt 1/5)
[2025-03-31 12:05:24,891] INFO: Processing 419/89741 track_id=5NqGfELjcdvRIUuhgZJ34W (Attempt 1/5)
[2025-03-31 12:05:30,056] INFO: Processing 420/89741 track_id=0Bv0qHGKNiwzDtHzXrjmIn (Attempt 1/5)
[2025-03-31 12:05:35,249] INFO: Processing 421/89741 track_id=7z2DKGAsPPdxOwTzMaVYD4 (Attempt 1/5)
[2025-03-31 12:05:40,379] INFO: Processing 422/89741 track_id=2XW4AAjfBQTzp7Oe1tU702 (Attempt 1/5)
[2025-03-31 12:05:45,478] INFO: Processing 423/89741 track_id=7Afr3PKTtlFGHGiXYgnv6P (Attempt 1/5)
[2025-03-31 12:05:50,579] INFO: Processing 424/89741 track_id=5CijCh8uOTWZO9DQpYwAXw (Attempt 1/5)
[2025-03-31 12:05:55,846] INFO: Processing 425/89741 track_id=6xAjAocTRpKamQlCy50RRQ (Attempt 1/5)
[2025-03-31 12:06:01,052] INFO: Processing 426/89741 track_id=0voYwjeuMfvXlF76oesZKu (Attempt 1/5)
[2025-03-31 12:06:06,279] INFO: Processing 427/89741 track_id=6xMm545wcSYbhNFB2Jr2EP (Attempt 1/5)
[2025-03-31 12:06:11,383] INFO: Processing 428/89741 track_id=7pq5vONxrAy8T773nhkiW3 (Attempt 1/5)
[2025-03-31 12:06:16,671] INFO: Processing 429/89741 track_id=2dS2710jYUM8gE2V1KC3uG (Attempt 1/5)
[2025-03-31 12:06:21,761] INFO: Processing 430/89741 track_id=2jcdviEbZPIpwM10JBQNYc (Attempt 1/5)
[2025-03-31 12:06:26,883] INFO: Processing 431/89741 track_id=6wVxhM5GJiZCro0xPWox6g (Attempt 1/5)
[2025-03-31 12:06:32,360] INFO: Processing 432/89741 track_id=7oyFihJppZYPP7o0NfoHnZ (Attempt 1/5)
[2025-03-31 12:06:37,450] INFO: Processing 433/89741 track_id=2a0WwSvmFdXPTdDMilPA1y (Attempt 1/5)
[2025-03-31 12:06:42,547] INFO: Processing 434/89741 track_id=0vxlqUrmgsiyAWOHaAfnSK (Attempt 1/5)
[2025-03-31 12:06:47,661] INFO: Processing 435/89741 track_id=78ylzQxu8Ht3gbFq5hI9Vo (Attempt 1/5)
[2025-03-31 12:06:52,835] INFO: Processing 436/89741 track_id=1BZnc6VaggPnrQyjem5Dpf (Attempt 1/5)
[2025-03-31 12:06:57,929] INFO: Processing 437/89741 track_id=2K3jLUSLeHrPMA3nKvP1jT (Attempt 1/5)
[2025-03-31 12:07:03,091] INFO: Processing 438/89741 track_id=674WNL7f5Xo8XxtipzB3ao (Attempt 1/5)
[2025-03-31 12:07:08,194] INFO: Processing 439/89741 track_id=73Nw51XTNstlk3Wu1K26cB (Attempt 1/5)
[2025-03-31 12:07:13,276] INFO: Processing 440/89741 track_id=5OWl1kO0gRlPxmp1wFyIWZ (Attempt 1/5)
[2025-03-31 12:07:18,367] INFO: Processing 441/89741 track_id=5QjuTblPokfD03fkfHUuVK (Attempt 1/5)
[2025-03-31 12:07:23,533] INFO: Processing 442/89741 track_id=2oLaalXlOgiJ70CaI992BA (Attempt 1/5)
[2025-03-31 12:07:28,707] INFO: Processing 443/89741 track_id=0rQ146AWbwiDC1DheKXJxm (Attempt 1/5)
[2025-03-31 12:07:33,824] INFO: Processing 444/89741 track_id=5ZUObJNpVt2l9GogUSfALc (Attempt 1/5)
[2025-03-31 12:07:38,918] INFO: Processing 445/89741 track_id=1jyddn36UN4tVsJGtaJfem (Attempt 1/5)
[2025-03-31 12:07:44,039] INFO: Processing 446/89741 track_id=73JI06Eznb1N22KHpo3HL7 (Attempt 1/5)
[2025-03-31 12:07:49,282] INFO: Processing 447/89741 track_id=0YG5wOXVpvNUyPihvr1zsa (Attempt 1/5)
[2025-03-31 12:07:54,524] INFO: Processing 448/89741 track_id=0wKt65XM5Wit3QH7lZtESU (Attempt 1/5)
[2025-03-31 12:07:59,621] INFO: Processing 449/89741 track_id=6339iq4yAm87arKgnNc922 (Attempt 1/5)
[2025-03-31 12:08:04,737] INFO: Processing 450/89741 track_id=6mFsYlDjG2Esy5hXhNy78t (Attempt 1/5)
[2025-03-31 12:08:09,829] INFO: Processing 451/89741 track_id=7c0YUDcJreOv1OoBGf1KdH (Attempt 1/5)
[2025-03-31 12:08:14,931] INFO: Processing 452/89741 track_id=3V0NxWbbUTa3BUAnchm11i (Attempt 1/5)
[2025-03-31 12:08:20,023] INFO: Processing 453/89741 track_id=3c8k1iPo45JM4fKvIfumwh (Attempt 1/5)
[2025-03-31 12:08:25,123] INFO: Processing 454/89741 track_id=5oDDFjWMz0KiMmRzWSFfQ6 (Attempt 1/5)
[2025-03-31 12:08:30,297] INFO: Processing 455/89741 track_id=5TIXBnwtMYwgC9yc1QjFp7 (Attempt 1/5)
[2025-03-31 12:08:35,406] INFO: Processing 456/89741 track_id=4GiLKZ6Fd3d5UMJMGuzAA0 (Attempt 1/5)
[2025-03-31 12:08:40,494] INFO: Processing 457/89741 track_id=6cYx8rBh13laBDAzvD7VrH (Attempt 1/5)
[2025-03-31 12:08:45,705] INFO: Processing 458/89741 track_id=1jUyxF7NmNXGlZQDVw40O8 (Attempt 1/5)
[2025-03-31 12:08:50,944] INFO: Processing 459/89741 track_id=4G8wt3fUBpgBjI35TBF2eQ (Attempt 1/5)
[2025-03-31 12:08:56,038] INFO: Processing 460/89741 track_id=4eSOx2FzrVXpKmtssY59LB (Attempt 1/5)
[2025-03-31 12:09:01,421] INFO: Processing 461/89741 track_id=0YhsOegsemgmT7ZHdWheUy (Attempt 1/5)
[2025-03-31 12:09:06,526] INFO: Processing 462/89741 track_id=1WSF2SjtfkV8LjTlF8uCZH (Attempt 1/5)
[2025-03-31 12:09:11,774] INFO: Processing 463/89741 track_id=6pTZ8Oy1xGKGCE4saVScoy (Attempt 1/5)
[2025-03-31 12:09:16,893] INFO: Processing 464/89741 track_id=4efRaNW2VgDf3pjbm8y4tr (Attempt 1/5)
[2025-03-31 12:09:21,993] INFO: Processing 465/89741 track_id=4khjcb6Mpegp1N596VVyf6 (Attempt 1/5)
[2025-03-31 12:09:27,083] INFO: Processing 466/89741 track_id=1WiVvolTPvAsVOd64HZi4X (Attempt 1/5)
[2025-03-31 12:09:32,195] INFO: Processing 467/89741 track_id=1YnLthg0HOs8YTzgN5hVh2 (Attempt 1/5)
[2025-03-31 12:09:37,292] INFO: Processing 468/89741 track_id=0N7UyDRbyHe2L63ilYDcRK (Attempt 1/5)
[2025-03-31 12:09:42,554] INFO: Processing 469/89741 track_id=5EndcDV7pcbLO4jE2GBZwC (Attempt 1/5)
[2025-03-31 12:09:47,675] INFO: Processing 470/89741 track_id=0MjXRAftpVBuNGYsNV1obJ (Attempt 1/5)
[2025-03-31 12:09:52,793] INFO: Processing 471/89741 track_id=2O16qeSdWeec3Kte6TKW9p (Attempt 1/5)
[2025-03-31 12:09:57,888] INFO: Processing 472/89741 track_id=1W5j84OLhShyEIJEwaLzaU (Attempt 1/5)
[2025-03-31 12:10:03,041] INFO: Processing 473/89741 track_id=3KAQ4xe2sR6IiltZw8HSA5 (Attempt 1/5)
[2025-03-31 12:10:08,235] INFO: Processing 474/89741 track_id=60wxK3idlzc3lykP8cYZ2l (Attempt 1/5)
[2025-03-31 12:10:13,330] INFO: Processing 475/89741 track_id=2O7FC4XbIrJ6Ib8bsq0FYC (Attempt 1/5)
[2025-03-31 12:10:18,477] INFO: Processing 476/89741 track_id=1CYBnHYYbOAsuDCGa0zrw0 (Attempt 1/5)
[2025-03-31 12:10:23,574] INFO: Processing 477/89741 track_id=1ytsxlw6P6gsCc3RrYweyj (Attempt 1/5)
[2025-03-31 12:10:28,837] INFO: Processing 478/89741 track_id=37bc0lXXN8Udi7IPwL58Hn (Attempt 1/5)
[2025-03-31 12:10:33,939] INFO: Processing 479/89741 track_id=5IGYPdHMSG4PLXDS9LDPJS (Attempt 1/5)
[2025-03-31 12:10:39,140] INFO: Processing 480/89741 track_id=53iFMaNUXn6Oj8hUIKSO5a (Attempt 1/5)
[2025-03-31 12:10:44,481] INFO: Processing 481/89741 track_id=68KCwQ2PNKNT17sEx32DEG (Attempt 1/5)
[2025-03-31 12:10:49,591] INFO: Processing 482/89741 track_id=27wq82gy6a868oA5HNLRGv (Attempt 1/5)
[2025-03-31 12:10:54,674] INFO: Processing 483/89741 track_id=24M6MHeugm1sHHNzCP5eV4 (Attempt 1/5)
[2025-03-31 12:10:59,844] INFO: Processing 484/89741 track_id=5DZVpQguB5TGP3MdkN3JSP (Attempt 1/5)
[2025-03-31 12:11:05,012] INFO: Processing 485/89741 track_id=2HUZVffVPXvqnrml0gXggp (Attempt 1/5)
[2025-03-31 12:11:10,170] INFO: Processing 486/89741 track_id=2PTzfXh5Ut3hjRrWGyafz6 (Attempt 1/5)
[2025-03-31 12:11:15,276] INFO: Processing 487/89741 track_id=5MTsZG10E0hTvAkdioyPnw (Attempt 1/5)
[2025-03-31 12:11:20,540] INFO: Processing 488/89741 track_id=2AN3wNGUW0IgzfuurtVEDS (Attempt 1/5)
[2025-03-31 12:11:25,704] INFO: Processing 489/89741 track_id=7jIAttgQTpLDoNtykIQXjH (Attempt 1/5)
[2025-03-31 12:11:30,889] INFO: Processing 490/89741 track_id=353rT3h7ABEWWBe6Hr7EZD (Attempt 1/5)
[2025-03-31 12:11:36,004] INFO: Processing 491/89741 track_id=0GgFpUEQzr5RuDZC768g0k (Attempt 1/5)
[2025-03-31 12:11:41,324] INFO: Processing 492/89741 track_id=5hhhrZMKz1NEZM7jRWufbf (Attempt 1/5)
[2025-03-31 12:11:46,417] INFO: Processing 493/89741 track_id=4zESVuAPxaC9bqQKjiWgH6 (Attempt 1/5)
[2025-03-31 12:11:51,770] INFO: Processing 494/89741 track_id=7EcFRiCKqijYsuA5UbNnQZ (Attempt 1/5)
[2025-03-31 12:11:56,881] INFO: Processing 495/89741 track_id=4WbTMyywJtvUNhmVKa0oSM (Attempt 1/5)
[2025-03-31 12:12:01,960] INFO: Processing 496/89741 track_id=0R7EWhquaAICmyE5MZqt3q (Attempt 1/5)
[2025-03-31 12:12:07,075] INFO: Processing 497/89741 track_id=5u2HaXFymnYNePtwI5bU3t (Attempt 1/5)
[2025-03-31 12:12:12,170] INFO: Processing 498/89741 track_id=79keCNa2NAa4xMInUQCATJ (Attempt 1/5)
[2025-03-31 12:12:17,262] INFO: Processing 499/89741 track_id=61X73CJcpwGIxgQgKEXbw0 (Attempt 1/5)
[2025-03-31 12:12:22,360] INFO: Processing 500/89741 track_id=78Vs1Oo42MrcbwB8vQhhsz (Attempt 1/5)
[2025-03-31 12:12:27,613] INFO: Processing 501/89741 track_id=4dzurJ1Q1LIr8X7doV3yT0 (Attempt 1/5)
[2025-03-31 12:12:32,707] INFO: Processing 502/89741 track_id=0goA2cYxU9k2XfQHzo6WcP (Attempt 1/5)
[2025-03-31 12:12:38,229] INFO: Processing 503/89741 track_id=4uCVtXasfPk1Z0JwrwTIzH (Attempt 1/5)
[2025-03-31 12:12:43,490] INFO: Processing 504/89741 track_id=3HOcPWc2LUUv5te756KfAH (Attempt 1/5)
[2025-03-31 12:12:48,604] INFO: Processing 505/89741 track_id=4ISCO9MWDxOuteeVAm2ZWh (Attempt 1/5)
[2025-03-31 12:12:53,689] INFO: Processing 506/89741 track_id=6YOOCjjIb0pBZXbJjYgUlP (Attempt 1/5)
[2025-03-31 12:12:58,967] INFO: Processing 507/89741 track_id=1i7JnFAxC15AuF1dsosbYM (Attempt 1/5)
[2025-03-31 12:13:04,054] INFO: Processing 508/89741 track_id=7JY9axEOxQbeAN8OzwsOwy (Attempt 1/5)
[2025-03-31 12:13:09,134] INFO: Processing 509/89741 track_id=0eyE0L7FbNrXaByFzMXT1C (Attempt 1/5)
[2025-03-31 12:13:14,217] INFO: Processing 510/89741 track_id=0MY3K86lZ9HIat4oBi40dh (Attempt 1/5)
[2025-03-31 12:13:19,311] INFO: Processing 511/89741 track_id=16x2V0ZWoXD7Rjo6bSAoEK (Attempt 1/5)
[2025-03-31 12:13:24,423] INFO: Processing 512/89741 track_id=0zANeX4R6uWb82gCQAguOD (Attempt 1/5)
[2025-03-31 12:13:29,548] INFO: Processing 513/89741 track_id=3BztDPhRhfwdwUndTlg45h (Attempt 1/5)
[2025-03-31 12:13:34,647] INFO: Processing 514/89741 track_id=27hFQQS3cVUmIK3ser5bpu (Attempt 1/5)
[2025-03-31 12:13:39,990] INFO: Processing 515/89741 track_id=63F2nWghdifkNHVns5GT8W (Attempt 1/5)
[2025-03-31 12:13:45,113] INFO: Processing 516/89741 track_id=76w967eCBrUFBSzef2ExlK (Attempt 1/5)
[2025-03-31 12:13:50,208] INFO: Processing 517/89741 track_id=4kXcndvaQEROosxdcbJqzK (Attempt 1/5)
[2025-03-31 12:13:55,307] INFO: Processing 518/89741 track_id=0lczO04vbk2ZiNvAqzUUQ0 (Attempt 1/5)
[2025-03-31 12:14:00,406] INFO: Processing 519/89741 track_id=6Fomnvc3pkLvUQYUkhiQPx (Attempt 1/5)
[2025-03-31 12:14:05,495] INFO: Processing 520/89741 track_id=6cMzeng5QA8fd2qqiMeIyg (Attempt 1/5)
[2025-03-31 12:14:10,593] INFO: Processing 521/89741 track_id=4jK6bBO2JbkvvgT7FPj8c5 (Attempt 1/5)
[2025-03-31 12:14:15,840] INFO: Processing 522/89741 track_id=2jHEySxCzzODFWmPzt084L (Attempt 1/5)
[2025-03-31 12:14:21,093] INFO: Processing 523/89741 track_id=4XlevPQOF6GkZCS2yWOkNn (Attempt 1/5)
[2025-03-31 12:14:26,210] INFO: Processing 524/89741 track_id=4muAobUpgKTEgqskgNESmC (Attempt 1/5)
[2025-03-31 12:14:31,304] INFO: Processing 525/89741 track_id=0OwoAzOM3ULaLoiYpC5axn (Attempt 1/5)
[2025-03-31 12:14:36,420] INFO: Processing 526/89741 track_id=2GbTLMvttdfKoz4YDjZJis (Attempt 1/5)
[2025-03-31 12:14:41,521] INFO: Processing 527/89741 track_id=5lQBkoXivgiXqKicR2uaTh (Attempt 1/5)
[2025-03-31 12:14:46,788] INFO: Processing 528/89741 track_id=2GzvzxXnyJ9l3obE4JskC2 (Attempt 1/5)
[2025-03-31 12:14:51,961] INFO: Processing 529/89741 track_id=4tK4ARuilOrBzwVQK73E0Y (Attempt 1/5)
[2025-03-31 12:14:57,228] INFO: Processing 530/89741 track_id=2E3ObBU2VIrTYOYh8tvi0x (Attempt 1/5)
[2025-03-31 12:15:02,322] INFO: Processing 531/89741 track_id=3BXMHdrjdF5yjJU4G0Z5HZ (Attempt 1/5)
[2025-03-31 12:15:07,560] INFO: Processing 532/89741 track_id=3x3zdepy3au5Uo81WIA9MG (Attempt 1/5)
[2025-03-31 12:15:12,661] INFO: Processing 533/89741 track_id=1tPYm2PqXjYL6lM0AfH5aT (Attempt 1/5)
[2025-03-31 12:15:17,752] INFO: Processing 534/89741 track_id=14UvqLsdqw2dsmVkmTYptE (Attempt 1/5)
[2025-03-31 12:15:22,870] INFO: Processing 535/89741 track_id=3XnDbrxxtA40HPIIRWLgRT (Attempt 1/5)
[2025-03-31 12:15:28,053] INFO: Processing 536/89741 track_id=5bC6ONDsL88snGN6QasjZH (Attempt 1/5)
[2025-03-31 12:15:33,285] INFO: Processing 537/89741 track_id=2XshyXPcxtwvyFMys4JCqQ (Attempt 1/5)
[2025-03-31 12:15:38,467] INFO: Processing 538/89741 track_id=56AecW9Anb0CY6HpgWvcg9 (Attempt 1/5)
[2025-03-31 12:15:43,556] INFO: Processing 539/89741 track_id=2EkGF5wYi3QrxTMMQftm4a (Attempt 1/5)
[2025-03-31 12:15:48,737] INFO: Processing 540/89741 track_id=6VtoP2sJt5oCmPOQIve2sf (Attempt 1/5)
[2025-03-31 12:15:53,853] INFO: Processing 541/89741 track_id=7ImaCF0ttRFNoQIErYlRq5 (Attempt 1/5)
[2025-03-31 12:15:58,951] INFO: Processing 542/89741 track_id=4ujYTGqbiV5xl97Pqoctq2 (Attempt 1/5)
[2025-03-31 12:16:04,054] INFO: Processing 543/89741 track_id=6B9EuDkJUAm9bO26ZdzBke (Attempt 1/5)
[2025-03-31 12:16:09,149] INFO: Processing 544/89741 track_id=2vOFdBs2kss9U0ezRGTG2E (Attempt 1/5)
[2025-03-31 12:16:14,243] INFO: Processing 545/89741 track_id=6fmrddhzAr0StNzWEzlny5 (Attempt 1/5)
[2025-03-31 12:16:19,500] INFO: Processing 546/89741 track_id=21HwOODUViTuHpkSYbdcMy (Attempt 1/5)
[2025-03-31 12:16:24,687] INFO: Processing 547/89741 track_id=0pegFWSUOTiG0sLVEfxtvA (Attempt 1/5)
[2025-03-31 12:16:29,775] INFO: Processing 548/89741 track_id=34HNaUhhTgO1jvfEuXHFyz (Attempt 1/5)
[2025-03-31 12:16:35,010] INFO: Processing 549/89741 track_id=6pRaRbJVkHyQdlW3MGvkgT (Attempt 1/5)
[2025-03-31 12:16:40,188] INFO: Processing 550/89741 track_id=2saK0E712wIB3Gf8QLuFYX (Attempt 1/5)
[2025-03-31 12:16:45,267] INFO: Processing 551/89741 track_id=1ChZ4mrSLP8HImCY6IyImf (Attempt 1/5)
[2025-03-31 12:16:50,355] INFO: Processing 552/89741 track_id=1o0yFkUycTAWIIWFOlhDcV (Attempt 1/5)
[2025-03-31 12:16:55,583] INFO: Processing 553/89741 track_id=3d8kYb3GqZkiHb6annxKEo (Attempt 1/5)
[2025-03-31 12:17:00,686] INFO: Processing 554/89741 track_id=1HfxPaJggVwFsvOtHbVzMz (Attempt 1/5)
[2025-03-31 12:17:05,930] INFO: Processing 555/89741 track_id=0Bb9oRoN3suM9iiIwzHtmX (Attempt 1/5)
[2025-03-31 12:17:11,167] INFO: Processing 556/89741 track_id=2wdfI1pjsfvviE7WTKGSYM (Attempt 1/5)
[2025-03-31 12:17:16,342] INFO: Processing 557/89741 track_id=5YRDGgdOshUPA17m7yzY7p (Attempt 1/5)
[2025-03-31 12:17:21,494] INFO: Processing 558/89741 track_id=0KAFjeQ6jpmtKP4CW9m5X6 (Attempt 1/5)
[2025-03-31 12:17:26,573] INFO: Processing 559/89741 track_id=203ADb8800e1YSzyrFQUZ9 (Attempt 1/5)
[2025-03-31 12:17:31,719] INFO: Processing 560/89741 track_id=6xTLXrdNqOTcTUHwPh8Wp1 (Attempt 1/5)
[2025-03-31 12:17:36,991] INFO: Processing 561/89741 track_id=7lB0MLvvsfrY6cN6kt4aKC (Attempt 1/5)
[2025-03-31 12:17:42,166] INFO: Processing 562/89741 track_id=2dMkrhsWFVP2rHZmTEKkeh (Attempt 1/5)
[2025-03-31 12:17:47,509] INFO: Processing 563/89741 track_id=2GwShNdcJHDLEkGO4L34lF (Attempt 1/5)
[2025-03-31 12:17:52,702] INFO: Processing 564/89741 track_id=54sN9ILcN1Udqc6au0Rzdw (Attempt 1/5)
[2025-03-31 12:17:57,802] INFO: Processing 565/89741 track_id=5mw8Zmzqx3VhxqokFAntGI (Attempt 1/5)
[2025-03-31 12:18:02,989] INFO: Processing 566/89741 track_id=4le6DvrwMv2rpyN1SPeL0g (Attempt 1/5)
[2025-03-31 12:18:08,096] INFO: Processing 567/89741 track_id=4T8FoNHY3UZSYgOV76ueVU (Attempt 1/5)
[2025-03-31 12:18:13,623] INFO: Processing 568/89741 track_id=7xO7bS29oAzMcFI0rBj8Fy (Attempt 1/5)
[2025-03-31 12:18:19,264] INFO: Processing 569/89741 track_id=4z9WDbNAKo2wAfGaMn7yjh (Attempt 1/5)
[2025-03-31 12:18:24,450] INFO: Processing 570/89741 track_id=41XVcLXrmbxiV0mJASJxov (Attempt 1/5)
[2025-03-31 12:18:29,532] INFO: Processing 571/89741 track_id=2ZaYFNn1YQuLSVdHhanr4Q (Attempt 1/5)
[2025-03-31 12:18:34,682] INFO: Processing 572/89741 track_id=4qScDvgzJs0Oo30kFaJIuy (Attempt 1/5)
[2025-03-31 12:18:40,489] INFO: Processing 573/89741 track_id=5fTJGZ6k0zokfh5KLfe0sm (Attempt 1/5)
[2025-03-31 12:18:45,608] INFO: Processing 574/89741 track_id=7E1Gs6mg3MOERIWo0sglXL (Attempt 1/5)
[2025-03-31 12:18:51,824] INFO: Processing 575/89741 track_id=6XgmRgd6yQ71afjGLrk0aI (Attempt 1/5)
[2025-03-31 12:18:56,948] INFO: Processing 576/89741 track_id=1xYMyM7MxFi4OuzDA2op9Q (Attempt 1/5)
[2025-03-31 12:19:02,037] INFO: Processing 577/89741 track_id=3CqV5uSdPvj5Ux3E8Idusc (Attempt 1/5)
[2025-03-31 12:19:07,207] INFO: Processing 578/89741 track_id=4pcnFf9w7Mxmir5woJoanj (Attempt 1/5)
[2025-03-31 12:19:12,313] INFO: Processing 579/89741 track_id=2lvcDndxZGuowLA19g4YDv (Attempt 1/5)
[2025-03-31 12:19:17,481] INFO: Processing 580/89741 track_id=0yoJHtKTiv9ixa8UFI6tkY (Attempt 1/5)
[2025-03-31 12:19:22,772] INFO: Processing 581/89741 track_id=3PcIfTefcjfWTK6WFmOLqK (Attempt 1/5)
[2025-03-31 12:19:27,956] INFO: Processing 582/89741 track_id=1RjEDlhTp2iJXWPdLpa8OM (Attempt 1/5)
[2025-03-31 12:19:33,127] INFO: Processing 583/89741 track_id=4SXcG6Ti32myNw9GJ9qeDt (Attempt 1/5)
[2025-03-31 12:19:38,208] INFO: Processing 584/89741 track_id=06R84YHz9bqaQzEbIWxzsw (Attempt 1/5)
[2025-03-31 12:19:43,339] INFO: Processing 585/89741 track_id=4BguxPKygliNCIkzwWlYxU (Attempt 1/5)
[2025-03-31 12:19:48,487] INFO: Processing 586/89741 track_id=6zz1Lsob8CrgipAoxJys1w (Attempt 1/5)
[2025-03-31 12:19:53,589] INFO: Processing 587/89741 track_id=2f6RlUydW1yTWhcXqaBhA3 (Attempt 1/5)
[2025-03-31 12:19:58,703] INFO: Processing 588/89741 track_id=6wAT9x3dx1N99gXXvds56Q (Attempt 1/5)
[2025-03-31 12:20:03,841] INFO: Processing 589/89741 track_id=0c7iF5fSBYxCuwsAv2z4iI (Attempt 1/5)
[2025-03-31 12:20:08,926] INFO: Processing 590/89741 track_id=44odJaONNr861TeNUYSx3L (Attempt 1/5)
[2025-03-31 12:20:14,116] INFO: Processing 591/89741 track_id=07CUaE9XAgDQ0B2T4XGrnN (Attempt 1/5)
[2025-03-31 12:20:19,197] INFO: Processing 592/89741 track_id=6ffWQpIQhwtQxhO2HvbyWm (Attempt 1/5)
[2025-03-31 12:20:24,302] INFO: Processing 593/89741 track_id=1GkwSHR74B5DIgnlarTsa9 (Attempt 1/5)
[2025-03-31 12:20:29,422] INFO: Processing 594/89741 track_id=0pfG8LwO7hSdHe6hTgc6a6 (Attempt 1/5)
[2025-03-31 12:20:34,539] INFO: Processing 595/89741 track_id=2z3PXMMsdQqZ48OdOTBIoZ (Attempt 1/5)
[2025-03-31 12:20:39,742] INFO: Processing 596/89741 track_id=0XV6QiUZCV5IIeTVojlktV (Attempt 1/5)
[2025-03-31 12:20:44,947] INFO: Processing 597/89741 track_id=03SqUp5aNqCM8EP4WOmUZp (Attempt 1/5)
[2025-03-31 12:20:50,045] INFO: Processing 598/89741 track_id=02FzDPhxAoCZp6Fz4GzMmL (Attempt 1/5)
[2025-03-31 12:20:55,282] INFO: Processing 599/89741 track_id=3KkgPBPjplbDy4uKcXNZeu (Attempt 1/5)
[2025-03-31 12:21:00,559] INFO: Processing 600/89741 track_id=5s6ppi6NDeK6FXlX8XCajM (Attempt 1/5)
[2025-03-31 12:21:05,653] INFO: Processing 601/89741 track_id=738wQ9tsRLsEVEHnEGm6l1 (Attempt 1/5)
[2025-03-31 12:21:10,762] INFO: Processing 602/89741 track_id=5KOn9dVdz24YDPjt8bfpjt (Attempt 1/5)
[2025-03-31 12:21:15,845] INFO: Processing 603/89741 track_id=5ctBsVOClsptyjkQkBLBn4 (Attempt 1/5)
[2025-03-31 12:21:20,940] INFO: Processing 604/89741 track_id=11868tq8nTB9QJKyY3JjB4 (Attempt 1/5)
[2025-03-31 12:21:26,027] INFO: Processing 605/89741 track_id=5mFrdpvoxokKCWp9uHE1ok (Attempt 1/5)
[2025-03-31 12:21:31,127] INFO: Processing 606/89741 track_id=0BhmtRzdjNV0bQ5veUOazN (Attempt 1/5)
[2025-03-31 12:21:36,234] INFO: Processing 607/89741 track_id=685WYfzmOeDOF4laU8UuOv (Attempt 1/5)
[2025-03-31 12:21:41,481] INFO: Processing 608/89741 track_id=2dI0UV4hCGnLaJVja2iosu (Attempt 1/5)
[2025-03-31 12:21:46,568] INFO: Processing 609/89741 track_id=1abgR6pt8VzZRfiQa0KLlS (Attempt 1/5)
[2025-03-31 12:21:51,651] INFO: Processing 610/89741 track_id=47Dc6UvkluFZbPnumBlDBH (Attempt 1/5)
[2025-03-31 12:21:56,844] INFO: Processing 611/89741 track_id=2M1bgJpUPjfKhHLIIfzGtX (Attempt 1/5)
[2025-03-31 12:22:02,011] INFO: Processing 612/89741 track_id=1AJRWM34yxnAxhF9TEK0Zj (Attempt 1/5)
[2025-03-31 12:22:07,197] INFO: Processing 613/89741 track_id=2xHKGx65VCsJgU83Bvh4j7 (Attempt 1/5)
[2025-03-31 12:22:12,318] INFO: Processing 614/89741 track_id=5eIF4WZrpcnpEXi2Bu7i2t (Attempt 1/5)
[2025-03-31 12:22:17,411] INFO: Processing 615/89741 track_id=6kucNn22HB0qb2ZPa1BrNl (Attempt 1/5)
[2025-03-31 12:22:22,760] INFO: Processing 616/89741 track_id=4E73Motq88LCg5Oy42uynU (Attempt 1/5)
[2025-03-31 12:22:27,844] INFO: Processing 617/89741 track_id=7pxbZ29k1LJXvOdd2e5Bdn (Attempt 1/5)
[2025-03-31 12:22:33,090] INFO: Processing 618/89741 track_id=203WkDdprjHpN37QMBCMyJ (Attempt 1/5)
[2025-03-31 12:22:38,177] INFO: Processing 619/89741 track_id=1pIMxRddmCGalHnRbLFkWg (Attempt 1/5)
[2025-03-31 12:22:43,433] INFO: Processing 620/89741 track_id=3smgLNxWHdmUekrwDXBTfv (Attempt 1/5)
[2025-03-31 12:22:48,532] INFO: Processing 621/89741 track_id=5uNEaSgkkPw6vLCUh3KsdQ (Attempt 1/5)
[2025-03-31 12:22:53,703] INFO: Processing 622/89741 track_id=0UgmLwOrTeOCUNwV07a5AD (Attempt 1/5)
[2025-03-31 12:22:58,798] INFO: Processing 623/89741 track_id=5aGkIyzLVYGuLIHkxpNAFF (Attempt 1/5)
[2025-03-31 12:23:03,889] INFO: Processing 624/89741 track_id=2NLu5wwfHlB4rGTxDYCRk7 (Attempt 1/5)
[2025-03-31 12:23:09,132] INFO: Processing 625/89741 track_id=4UU97IGHOhBhZjCUgDFUiz (Attempt 1/5)
[2025-03-31 12:23:14,224] INFO: Processing 626/89741 track_id=4aLiEepGWP5LdYDCf7Uhta (Attempt 1/5)
[2025-03-31 12:23:19,470] INFO: Processing 627/89741 track_id=1CtfA9JkJ5cJQgpO7wEj4V (Attempt 1/5)
[2025-03-31 12:23:24,821] INFO: Processing 628/89741 track_id=0g5bEa2Kxz18QLp4qotw3z (Attempt 1/5)
[2025-03-31 12:23:29,923] INFO: Processing 629/89741 track_id=7oGGmUTUwH6EooJGeZBJdj (Attempt 1/5)
[2025-03-31 12:23:35,011] INFO: Processing 630/89741 track_id=0wUVwtui3Se9kGUfSD7gaU (Attempt 1/5)
[2025-03-31 12:23:40,374] INFO: Processing 631/89741 track_id=6kw6xVfYpwqUwCsIrHHdYl (Attempt 1/5)
[2025-03-31 12:23:45,467] INFO: Processing 632/89741 track_id=2vfvPpkSwFwsuppSHbLCoR (Attempt 1/5)
[2025-03-31 12:23:50,577] INFO: Processing 633/89741 track_id=60S0LkuUyzHzX29KWew1a6 (Attempt 1/5)
[2025-03-31 12:23:55,839] INFO: Processing 634/89741 track_id=7wF4asYZw8cAHEljYd2Wid (Attempt 1/5)
[2025-03-31 12:24:00,929] INFO: Processing 635/89741 track_id=1t0zKQvPW6iQPHGnUikbgC (Attempt 1/5)
[2025-03-31 12:24:06,018] INFO: Processing 636/89741 track_id=3InBIgygsMQ90Oc2Izt1mg (Attempt 1/5)
[2025-03-31 12:24:11,119] INFO: Processing 637/89741 track_id=3NqKDdehfEZ00H4uFghoMr (Attempt 1/5)
[2025-03-31 12:24:16,308] INFO: Processing 638/89741 track_id=18k8IlS52uxRWObykDUZFG (Attempt 1/5)
[2025-03-31 12:24:21,471] INFO: Processing 639/89741 track_id=3YalaPTUkyCYanwIf0l4UN (Attempt 1/5)
[2025-03-31 12:24:26,558] INFO: Processing 640/89741 track_id=4ncp2DWzx9EQfaJmOdf45s (Attempt 1/5)
[2025-03-31 12:24:31,948] INFO: Processing 641/89741 track_id=3k6s9QkAZfENWHO3NhAQOn (Attempt 1/5)
[2025-03-31 12:24:37,355] INFO: Processing 642/89741 track_id=4l3P7LcxC2GSnUkbvykkMn (Attempt 1/5)
[2025-03-31 12:24:42,599] INFO: Processing 643/89741 track_id=3ocm1Cf1Dk1ODrdBdybh82 (Attempt 1/5)
[2025-03-31 12:24:47,747] INFO: Processing 644/89741 track_id=0pHdVMGxXdDcjmye35j63j (Attempt 1/5)
[2025-03-31 12:24:52,919] INFO: Processing 645/89741 track_id=0ZrFfxDOl9jvgzGljGM8nB (Attempt 1/5)
[2025-03-31 12:24:58,171] INFO: Processing 646/89741 track_id=0WWuB1F1H4dr3Bdoe1vtHs (Attempt 1/5)
[2025-03-31 12:25:03,275] INFO: Processing 647/89741 track_id=7bKWcP3ExUaYeRivBx5KR5 (Attempt 1/5)
[2025-03-31 12:25:08,750] INFO: Processing 648/89741 track_id=4LzdviA9tys39CccjkJubr (Attempt 1/5)
[2025-03-31 12:25:13,859] INFO: Processing 649/89741 track_id=5aLPkAwDGpqBaoAvTgbgdD (Attempt 1/5)
[2025-03-31 12:25:19,053] INFO: Processing 650/89741 track_id=1POSMvQ2TKVN0D7GwOgK0W (Attempt 1/5)
[2025-03-31 12:25:24,338] INFO: Processing 651/89741 track_id=6ad7bQ48TlqAgebCExUJVe (Attempt 1/5)
[2025-03-31 12:25:29,440] INFO: Processing 652/89741 track_id=7wiULYwv85WeChygucbpTF (Attempt 1/5)
[2025-03-31 12:25:34,533] INFO: Processing 653/89741 track_id=2R1ACTXu88oxUcplmde6kT (Attempt 1/5)
[2025-03-31 12:25:39,618] INFO: Processing 654/89741 track_id=69yz6UcfUHCi795treLj3l (Attempt 1/5)
[2025-03-31 12:25:45,049] INFO: Processing 655/89741 track_id=0F78T5bfHQCliaNjBkIYBq (Attempt 1/5)
[2025-03-31 12:25:50,148] INFO: Processing 656/89741 track_id=7quFUf8mR7wUxeJip0awxn (Attempt 1/5)
[2025-03-31 12:25:55,243] INFO: Processing 657/89741 track_id=3zjr7jirhGwvqGuuJuIxjg (Attempt 1/5)
[2025-03-31 12:26:00,335] INFO: Processing 658/89741 track_id=1d39v4V4DmrrLiFX4DKHBv (Attempt 1/5)
[2025-03-31 12:26:05,428] INFO: Processing 659/89741 track_id=3Ebx5xEUEoB6iod7vSak8R (Attempt 1/5)
[2025-03-31 12:26:10,717] INFO: Processing 660/89741 track_id=70vp3DhQpLrFQapK0BI5Ug (Attempt 1/5)
[2025-03-31 12:26:15,930] INFO: Processing 661/89741 track_id=7MlPySldFcJ9R3mSFvGV4y (Attempt 1/5)
[2025-03-31 12:26:21,045] INFO: Processing 662/89741 track_id=4JAVT5eeiKjHrNNxQQrs4J (Attempt 1/5)
[2025-03-31 12:26:26,324] INFO: Processing 663/89741 track_id=6r8OnTtDrhKBIIYgzxrnZ1 (Attempt 1/5)
[2025-03-31 12:26:31,596] INFO: Processing 664/89741 track_id=12qmPGMrOCogibc7qyxT9s (Attempt 1/5)
[2025-03-31 12:26:36,738] INFO: Processing 665/89741 track_id=1K0OGTEEPMRdxFGRt5WYRI (Attempt 1/5)
[2025-03-31 12:26:41,830] INFO: Processing 666/89741 track_id=4uBwFIBwZcgHNvwNjOqICX (Attempt 1/5)
[2025-03-31 12:26:46,930] INFO: Processing 667/89741 track_id=4Akic5cb5RHJrTdQZY7AfX (Attempt 1/5)
[2025-03-31 12:26:52,066] INFO: Processing 668/89741 track_id=414FqRxeG518IkFrmzdQjt (Attempt 1/5)
[2025-03-31 12:26:57,163] INFO: Processing 669/89741 track_id=63m3fusWaHBnB3isFfAlRd (Attempt 1/5)
[2025-03-31 12:27:02,401] INFO: Processing 670/89741 track_id=5H6Bc7oEWYuKrwb1pUZWhh (Attempt 1/5)
[2025-03-31 12:27:07,530] INFO: Processing 671/89741 track_id=0RTACXDmdASzBQR1UiSyAZ (Attempt 1/5)
[2025-03-31 12:27:12,625] INFO: Processing 672/89741 track_id=4qoD4IJbbir3hsAu4IowiG (Attempt 1/5)
[2025-03-31 12:27:17,720] INFO: Processing 673/89741 track_id=35TStN96CwcjFedErjW8Wq (Attempt 1/5)
[2025-03-31 12:27:23,152] INFO: Processing 674/89741 track_id=3tInTDUq8wdIMw5ftohmqJ (Attempt 1/5)
[2025-03-31 12:27:28,236] INFO: Processing 675/89741 track_id=6Vn8lTVMjILXQCjZUXS8n4 (Attempt 1/5)
[2025-03-31 12:27:33,377] INFO: Processing 676/89741 track_id=5hCgm1tDb7ZZKmRtucTTjh (Attempt 1/5)
[2025-03-31 12:27:38,543] INFO: Processing 677/89741 track_id=1PEpGWRE4Tjsk2qy5teW4p (Attempt 1/5)
[2025-03-31 12:27:43,637] INFO: Processing 678/89741 track_id=02EqvposhJjwrgkQexKIdW (Attempt 1/5)
[2025-03-31 12:27:48,877] INFO: Processing 679/89741 track_id=68HbD7rEFTlnJy4UWSpySY (Attempt 1/5)
[2025-03-31 12:27:53,966] INFO: Processing 680/89741 track_id=0qAMjeQFyd1qD0LDiV8gWp (Attempt 1/5)
[2025-03-31 12:27:59,094] INFO: Processing 681/89741 track_id=6b4mWoXrscyajbLOB2qwfG (Attempt 1/5)
[2025-03-31 12:28:04,432] INFO: Processing 682/89741 track_id=2C3gh14oarzTtv3aY3HJ0m (Attempt 1/5)
[2025-03-31 12:28:09,691] INFO: Processing 683/89741 track_id=2Qj1FilGsXITZbFVmVeoLy (Attempt 1/5)
[2025-03-31 12:28:15,081] INFO: Processing 684/89741 track_id=2gc1XwdI3kKipqAXTdMcwY (Attempt 1/5)
[2025-03-31 12:28:20,193] INFO: Processing 685/89741 track_id=35RrDnREM1xxx4YBxDHikm (Attempt 1/5)
[2025-03-31 12:28:25,374] INFO: Processing 686/89741 track_id=5bqPeBYkNk9feimSN9N4JY (Attempt 1/5)
[2025-03-31 12:28:30,519] INFO: Processing 687/89741 track_id=4a7aKxh344UzFEVd0k5lwi (Attempt 1/5)
[2025-03-31 12:28:35,602] INFO: Processing 688/89741 track_id=0P0v83waDX4ElzSgmF1cG5 (Attempt 1/5)
[2025-03-31 12:28:40,751] INFO: Processing 689/89741 track_id=0NkeEkDFOby5xOZ7BIKVuD (Attempt 1/5)
[2025-03-31 12:28:45,890] INFO: Processing 690/89741 track_id=348ooLg3LgeDkJVh6zzib8 (Attempt 1/5)
[2025-03-31 12:28:51,060] INFO: Processing 691/89741 track_id=2BdXf4OpDOw4AvklnAvcsY (Attempt 1/5)
[2025-03-31 12:28:56,147] INFO: Processing 692/89741 track_id=6i1wlqIigKZTvMk0LTh5Id (Attempt 1/5)
[2025-03-31 12:29:01,622] INFO: Processing 693/89741 track_id=5CU7ewecONNlWAJHu04HJQ (Attempt 1/5)
[2025-03-31 12:29:06,792] INFO: Processing 694/89741 track_id=31GGw4QarlH4neWIHsFQeq (Attempt 1/5)
[2025-03-31 12:29:11,883] INFO: Processing 695/89741 track_id=3VyInzFUWWHyYw3xCUUz3M (Attempt 1/5)
[2025-03-31 12:29:17,005] INFO: Processing 696/89741 track_id=6ONQ2wKKkjxIUygJbBe7ph (Attempt 1/5)
[2025-03-31 12:29:22,134] INFO: Processing 697/89741 track_id=55G6uXo1fyBQ58YL3O2ygf (Attempt 1/5)
[2025-03-31 12:29:27,444] INFO: Processing 698/89741 track_id=2Xzh9zjiKhM9YT4AcJxLkQ (Attempt 1/5)
[2025-03-31 12:29:32,669] INFO: Processing 699/89741 track_id=4G18Ie2Gm6vVYgzkIiRwFD (Attempt 1/5)
[2025-03-31 12:29:37,765] INFO: Processing 700/89741 track_id=60Ul9B9xErs1tAikGkBEfL (Attempt 1/5)
[2025-03-31 12:29:42,926] INFO: Processing 701/89741 track_id=4YimYaA3z1KrrnbBmvE6Af (Attempt 1/5)
[2025-03-31 12:29:48,333] INFO: Processing 702/89741 track_id=1fxIiBHyhR3AhYJBHBZTiq (Attempt 1/5)
[2025-03-31 12:29:53,446] INFO: Processing 703/89741 track_id=7pgxSWFaZqPukb2oes8M5W (Attempt 1/5)
[2025-03-31 12:29:58,632] INFO: Processing 704/89741 track_id=5himtcBG5IetEOAYuB1Lu1 (Attempt 1/5)
[2025-03-31 12:30:03,810] INFO: Processing 705/89741 track_id=7FNugksLRXsu3Ie96TiWpG (Attempt 1/5)
[2025-03-31 12:30:08,964] INFO: Processing 706/89741 track_id=54gjtcoJgDxt7jpnpwSy0o (Attempt 1/5)
[2025-03-31 12:30:14,065] INFO: Processing 707/89741 track_id=1snd92ICpwulLUilLfDZFq (Attempt 1/5)
[2025-03-31 12:30:19,405] INFO: Processing 708/89741 track_id=5moyneo3TMp2wdc0TG8O8U (Attempt 1/5)
[2025-03-31 12:30:24,522] INFO: Processing 709/89741 track_id=2WQRPsMOrbeqms7JgmmVv3 (Attempt 1/5)
[2025-03-31 12:30:29,621] INFO: Processing 710/89741 track_id=1qHiDbTJI7GB62W3BBFigx (Attempt 1/5)
[2025-03-31 12:30:35,024] INFO: Processing 711/89741 track_id=5msvkAkQ8o2GhNxOu3YW5D (Attempt 1/5)
[2025-03-31 12:30:40,147] INFO: Processing 712/89741 track_id=3YllcvA3PW1DUwjckCVjIw (Attempt 1/5)
[2025-03-31 12:30:45,247] INFO: Processing 713/89741 track_id=2cTaSKEc8OZdF6Tpg2QQsS (Attempt 1/5)
[2025-03-31 12:30:50,344] INFO: Processing 714/89741 track_id=1z2fSrYZqrO5tMqzULn9OD (Attempt 1/5)
[2025-03-31 12:30:55,423] INFO: Processing 715/89741 track_id=5QRt4QovcONoIVzwnlkU7z (Attempt 1/5)
[2025-03-31 12:31:00,697] INFO: Processing 716/89741 track_id=7Igc6JB0xPDcn5yRkkVGQX (Attempt 1/5)
[2025-03-31 12:31:05,813] INFO: Processing 717/89741 track_id=3XfMyT4Xf5LegDhvbrFEjp (Attempt 1/5)
[2025-03-31 12:31:10,928] INFO: Processing 718/89741 track_id=3IvEnBPF1egP9y1q3C2Fg4 (Attempt 1/5)
[2025-03-31 12:31:16,025] INFO: Processing 719/89741 track_id=4XBkxG1jC5RBQJt65gma8v (Attempt 1/5)
[2025-03-31 12:31:21,277] INFO: Processing 720/89741 track_id=4CpUwb4JSS0YiGZ4pBryTO (Attempt 1/5)
[2025-03-31 12:31:26,382] INFO: Processing 721/89741 track_id=4fHJwyR7JILiSAbLyXcrKx (Attempt 1/5)
[2025-03-31 12:31:31,473] INFO: Processing 722/89741 track_id=4XBcShO4h4X55x9yMmyKHL (Attempt 1/5)
[2025-03-31 12:31:36,560] INFO: Processing 723/89741 track_id=55fyE9Q754QhXpmcLtmmam (Attempt 1/5)
[2025-03-31 12:31:41,761] INFO: Processing 724/89741 track_id=20GlDn5GNOkgZUui7Z57k1 (Attempt 1/5)
[2025-03-31 12:31:46,884] INFO: Processing 725/89741 track_id=4zzi2eD2cEPpQ3a307mPPj (Attempt 1/5)
